{"C:\\Users\\jpk\\alexa\\alexa-sample-college-finder-nodejs\\lambda\\custom\\basicSearchHandlers.js": {"path":"C:\\Users\\jpk\\alexa\\alexa-sample-college-finder-nodejs\\lambda\\custom\\basicSearchHandlers.js","statementMap":{"0":{"start":{"line":24,"column":18},"end":{"line":24,"column":40}},"1":{"start":{"line":25,"column":15},"end":{"line":25,"column":34}},"2":{"start":{"line":26,"column":16},"end":{"line":26,"column":36}},"3":{"start":{"line":29,"column":2},"end":{"line":29,"column":42}},"4":{"start":{"line":31,"column":2},"end":{"line":31,"column":58}},"5":{"start":{"line":32,"column":2},"end":{"line":32,"column":59}},"6":{"start":{"line":34,"column":2},"end":{"line":34,"column":89}},"7":{"start":{"line":37,"column":0},"end":{"line":552,"column":2}},"8":{"start":{"line":45,"column":6},"end":{"line":45,"column":72}},"9":{"start":{"line":46,"column":6},"end":{"line":48,"column":7}},"10":{"start":{"line":47,"column":8},"end":{"line":47,"column":83}},"11":{"start":{"line":49,"column":6},"end":{"line":54,"column":8}},"12":{"start":{"line":57,"column":25},"end":{"line":57,"column":73}},"13":{"start":{"line":58,"column":26},"end":{"line":58,"column":75}},"14":{"start":{"line":59,"column":25},"end":{"line":59,"column":59}},"15":{"start":{"line":62,"column":6},"end":{"line":100,"column":7}},"16":{"start":{"line":67,"column":8},"end":{"line":67,"column":29}},"17":{"start":{"line":68,"column":13},"end":{"line":100,"column":7}},"18":{"start":{"line":69,"column":8},"end":{"line":69,"column":60}},"19":{"start":{"line":71,"column":8},"end":{"line":81,"column":9}},"20":{"start":{"line":75,"column":10},"end":{"line":75,"column":42}},"21":{"start":{"line":76,"column":15},"end":{"line":81,"column":9}},"22":{"start":{"line":80,"column":10},"end":{"line":80,"column":43}},"23":{"start":{"line":82,"column":13},"end":{"line":100,"column":7}},"24":{"start":{"line":87,"column":8},"end":{"line":87,"column":31}},"25":{"start":{"line":89,"column":8},"end":{"line":99,"column":25}},"26":{"start":{"line":102,"column":6},"end":{"line":112,"column":23}},"27":{"start":{"line":120,"column":25},"end":{"line":120,"column":78}},"28":{"start":{"line":121,"column":6},"end":{"line":128,"column":8}},"29":{"start":{"line":131,"column":23},"end":{"line":131,"column":76}},"30":{"start":{"line":132,"column":6},"end":{"line":132,"column":72}},"31":{"start":{"line":136,"column":6},"end":{"line":146,"column":7}},"32":{"start":{"line":138,"column":10},"end":{"line":138,"column":43}},"33":{"start":{"line":139,"column":10},"end":{"line":139,"column":16}},"34":{"start":{"line":141,"column":10},"end":{"line":141,"column":47}},"35":{"start":{"line":142,"column":10},"end":{"line":142,"column":16}},"36":{"start":{"line":144,"column":10},"end":{"line":144,"column":44}},"37":{"start":{"line":145,"column":10},"end":{"line":145,"column":16}},"38":{"start":{"line":148,"column":6},"end":{"line":152,"column":8}},"39":{"start":{"line":164,"column":25},"end":{"line":164,"column":78}},"40":{"start":{"line":165,"column":6},"end":{"line":169,"column":8}},"41":{"start":{"line":172,"column":23},"end":{"line":172,"column":76}},"42":{"start":{"line":173,"column":6},"end":{"line":173,"column":73}},"43":{"start":{"line":175,"column":24},"end":{"line":175,"column":67}},"44":{"start":{"line":178,"column":6},"end":{"line":265,"column":7}},"45":{"start":{"line":184,"column":8},"end":{"line":184,"column":70}},"46":{"start":{"line":186,"column":8},"end":{"line":190,"column":10}},"47":{"start":{"line":191,"column":13},"end":{"line":265,"column":7}},"48":{"start":{"line":194,"column":8},"end":{"line":198,"column":9}},"49":{"start":{"line":195,"column":10},"end":{"line":195,"column":79}},"50":{"start":{"line":197,"column":10},"end":{"line":197,"column":89}},"51":{"start":{"line":200,"column":8},"end":{"line":200,"column":74}},"52":{"start":{"line":203,"column":19},"end":{"line":205,"column":45}},"53":{"start":{"line":206,"column":8},"end":{"line":264,"column":9}},"54":{"start":{"line":207,"column":10},"end":{"line":207,"column":59}},"55":{"start":{"line":209,"column":10},"end":{"line":211,"column":46}},"56":{"start":{"line":212,"column":10},"end":{"line":212,"column":48}},"57":{"start":{"line":216,"column":12},"end":{"line":221,"column":34}},"58":{"start":{"line":223,"column":10},"end":{"line":263,"column":13}},"59":{"start":{"line":224,"column":12},"end":{"line":262,"column":15}},"60":{"start":{"line":225,"column":14},"end":{"line":241,"column":15}},"61":{"start":{"line":227,"column":18},"end":{"line":234,"column":66}},"62":{"start":{"line":235,"column":16},"end":{"line":240,"column":18}},"63":{"start":{"line":243,"column":14},"end":{"line":261,"column":15}},"64":{"start":{"line":244,"column":16},"end":{"line":244,"column":78}},"65":{"start":{"line":245,"column":16},"end":{"line":251,"column":18}},"66":{"start":{"line":254,"column":29},"end":{"line":254,"column":43}},"67":{"start":{"line":255,"column":16},"end":{"line":255,"column":62}},"68":{"start":{"line":256,"column":16},"end":{"line":256,"column":68}},"69":{"start":{"line":257,"column":16},"end":{"line":257,"column":88}},"70":{"start":{"line":258,"column":16},"end":{"line":258,"column":80}},"71":{"start":{"line":260,"column":16},"end":{"line":260,"column":84}},"72":{"start":{"line":276,"column":25},"end":{"line":276,"column":78}},"73":{"start":{"line":277,"column":6},"end":{"line":281,"column":8}},"74":{"start":{"line":284,"column":23},"end":{"line":284,"column":76}},"75":{"start":{"line":285,"column":6},"end":{"line":285,"column":77}},"76":{"start":{"line":287,"column":24},"end":{"line":287,"column":67}},"77":{"start":{"line":290,"column":6},"end":{"line":417,"column":7}},"78":{"start":{"line":298,"column":8},"end":{"line":298,"column":74}},"79":{"start":{"line":300,"column":8},"end":{"line":304,"column":10}},"80":{"start":{"line":309,"column":8},"end":{"line":309,"column":53}},"81":{"start":{"line":310,"column":8},"end":{"line":310,"column":52}},"82":{"start":{"line":313,"column":8},"end":{"line":327,"column":9}},"83":{"start":{"line":314,"column":10},"end":{"line":314,"column":87}},"84":{"start":{"line":315,"column":10},"end":{"line":315,"column":83}},"85":{"start":{"line":316,"column":10},"end":{"line":316,"column":58}},"86":{"start":{"line":317,"column":10},"end":{"line":317,"column":41}},"87":{"start":{"line":320,"column":10},"end":{"line":320,"column":79}},"88":{"start":{"line":321,"column":10},"end":{"line":321,"column":79}},"89":{"start":{"line":322,"column":10},"end":{"line":325,"column":12}},"90":{"start":{"line":326,"column":10},"end":{"line":326,"column":74}},"91":{"start":{"line":329,"column":8},"end":{"line":331,"column":45}},"92":{"start":{"line":332,"column":8},"end":{"line":332,"column":48}},"93":{"start":{"line":338,"column":10},"end":{"line":343,"column":32}},"94":{"start":{"line":345,"column":8},"end":{"line":416,"column":11}},"95":{"start":{"line":346,"column":10},"end":{"line":415,"column":13}},"96":{"start":{"line":347,"column":12},"end":{"line":414,"column":13}},"97":{"start":{"line":349,"column":16},"end":{"line":356,"column":64}},"98":{"start":{"line":357,"column":14},"end":{"line":363,"column":16}},"99":{"start":{"line":364,"column":19},"end":{"line":414,"column":13}},"100":{"start":{"line":365,"column":14},"end":{"line":365,"column":80}},"101":{"start":{"line":366,"column":14},"end":{"line":372,"column":16}},"102":{"start":{"line":374,"column":30},"end":{"line":374,"column":41}},"103":{"start":{"line":376,"column":14},"end":{"line":376,"column":78}},"104":{"start":{"line":377,"column":25},"end":{"line":377,"column":27}},"105":{"start":{"line":380,"column":27},"end":{"line":380,"column":49}},"106":{"start":{"line":381,"column":14},"end":{"line":383,"column":15}},"107":{"start":{"line":382,"column":16},"end":{"line":382,"column":40}},"108":{"start":{"line":386,"column":14},"end":{"line":388,"column":15}},"109":{"start":{"line":387,"column":16},"end":{"line":387,"column":38}},"110":{"start":{"line":390,"column":14},"end":{"line":390,"column":58}},"111":{"start":{"line":391,"column":14},"end":{"line":391,"column":81}},"112":{"start":{"line":392,"column":14},"end":{"line":392,"column":74}},"113":{"start":{"line":393,"column":30},"end":{"line":396,"column":50}},"114":{"start":{"line":398,"column":14},"end":{"line":405,"column":15}},"115":{"start":{"line":399,"column":16},"end":{"line":400,"column":69}},"116":{"start":{"line":402,"column":16},"end":{"line":404,"column":100}},"117":{"start":{"line":407,"column":14},"end":{"line":413,"column":16}},"118":{"start":{"line":428,"column":25},"end":{"line":428,"column":78}},"119":{"start":{"line":429,"column":6},"end":{"line":433,"column":8}},"120":{"start":{"line":436,"column":25},"end":{"line":436,"column":78}},"121":{"start":{"line":437,"column":6},"end":{"line":437,"column":74}},"122":{"start":{"line":439,"column":22},"end":{"line":439,"column":65}},"123":{"start":{"line":442,"column":6},"end":{"line":549,"column":7}},"124":{"start":{"line":450,"column":8},"end":{"line":450,"column":72}},"125":{"start":{"line":451,"column":8},"end":{"line":455,"column":10}},"126":{"start":{"line":457,"column":20},"end":{"line":457,"column":76}},"127":{"start":{"line":458,"column":17},"end":{"line":458,"column":75}},"128":{"start":{"line":459,"column":8},"end":{"line":459,"column":51}},"129":{"start":{"line":460,"column":8},"end":{"line":460,"column":44}},"130":{"start":{"line":462,"column":8},"end":{"line":464,"column":39}},"131":{"start":{"line":465,"column":8},"end":{"line":465,"column":67}},"132":{"start":{"line":468,"column":23},"end":{"line":468,"column":64}},"133":{"start":{"line":472,"column":18},"end":{"line":474,"column":58}},"134":{"start":{"line":476,"column":8},"end":{"line":548,"column":11}},"135":{"start":{"line":477,"column":10},"end":{"line":547,"column":13}},"136":{"start":{"line":478,"column":12},"end":{"line":478,"column":29}},"137":{"start":{"line":479,"column":12},"end":{"line":546,"column":13}},"138":{"start":{"line":481,"column":16},"end":{"line":488,"column":64}},"139":{"start":{"line":489,"column":14},"end":{"line":495,"column":16}},"140":{"start":{"line":496,"column":19},"end":{"line":546,"column":13}},"141":{"start":{"line":497,"column":14},"end":{"line":497,"column":77}},"142":{"start":{"line":498,"column":14},"end":{"line":504,"column":16}},"143":{"start":{"line":506,"column":30},"end":{"line":506,"column":41}},"144":{"start":{"line":508,"column":14},"end":{"line":508,"column":78}},"145":{"start":{"line":509,"column":25},"end":{"line":509,"column":27}},"146":{"start":{"line":512,"column":27},"end":{"line":512,"column":49}},"147":{"start":{"line":513,"column":14},"end":{"line":515,"column":15}},"148":{"start":{"line":514,"column":16},"end":{"line":514,"column":44}},"149":{"start":{"line":518,"column":14},"end":{"line":520,"column":15}},"150":{"start":{"line":519,"column":16},"end":{"line":519,"column":38}},"151":{"start":{"line":522,"column":14},"end":{"line":522,"column":58}},"152":{"start":{"line":523,"column":14},"end":{"line":523,"column":78}},"153":{"start":{"line":524,"column":14},"end":{"line":524,"column":74}},"154":{"start":{"line":525,"column":30},"end":{"line":528,"column":44}},"155":{"start":{"line":530,"column":14},"end":{"line":537,"column":15}},"156":{"start":{"line":531,"column":16},"end":{"line":532,"column":69}},"157":{"start":{"line":534,"column":16},"end":{"line":536,"column":100}},"158":{"start":{"line":539,"column":14},"end":{"line":545,"column":16}}},"fnMap":{"0":{"name":"searchQueryExit","decl":{"start":{"line":28,"column":9},"end":{"line":28,"column":24}},"loc":{"start":{"line":28,"column":52},"end":{"line":35,"column":1}},"line":28},"1":{"name":"(anonymous_1)","decl":{"start":{"line":223,"column":29},"end":{"line":223,"column":30}},"loc":{"start":{"line":223,"column":40},"end":{"line":263,"column":11}},"line":223},"2":{"name":"(anonymous_2)","decl":{"start":{"line":224,"column":36},"end":{"line":224,"column":37}},"loc":{"start":{"line":224,"column":52},"end":{"line":262,"column":13}},"line":224},"3":{"name":"(anonymous_3)","decl":{"start":{"line":345,"column":27},"end":{"line":345,"column":28}},"loc":{"start":{"line":345,"column":38},"end":{"line":416,"column":9}},"line":345},"4":{"name":"(anonymous_4)","decl":{"start":{"line":346,"column":34},"end":{"line":346,"column":35}},"loc":{"start":{"line":346,"column":50},"end":{"line":415,"column":11}},"line":346},"5":{"name":"(anonymous_5)","decl":{"start":{"line":476,"column":27},"end":{"line":476,"column":28}},"loc":{"start":{"line":476,"column":38},"end":{"line":548,"column":9}},"line":476},"6":{"name":"(anonymous_6)","decl":{"start":{"line":477,"column":34},"end":{"line":477,"column":35}},"loc":{"start":{"line":477,"column":50},"end":{"line":547,"column":11}},"line":477}},"branchMap":{"0":{"loc":{"start":{"line":46,"column":6},"end":{"line":48,"column":7}},"type":"if","locations":[{"start":{"line":46,"column":6},"end":{"line":48,"column":7}},{"start":{"line":46,"column":6},"end":{"line":48,"column":7}}],"line":46},"1":{"loc":{"start":{"line":50,"column":8},"end":{"line":53,"column":85}},"type":"binary-expr","locations":[{"start":{"line":50,"column":8},"end":{"line":50,"column":79}},{"start":{"line":51,"column":9},"end":{"line":51,"column":82}},{"start":{"line":52,"column":10},"end":{"line":52,"column":87}},{"start":{"line":53,"column":10},"end":{"line":53,"column":84}}],"line":50},"2":{"loc":{"start":{"line":62,"column":6},"end":{"line":100,"column":7}},"type":"if","locations":[{"start":{"line":62,"column":6},"end":{"line":100,"column":7}},{"start":{"line":62,"column":6},"end":{"line":100,"column":7}}],"line":62},"3":{"loc":{"start":{"line":63,"column":8},"end":{"line":65,"column":45}},"type":"binary-expr","locations":[{"start":{"line":63,"column":8},"end":{"line":63,"column":43}},{"start":{"line":64,"column":8},"end":{"line":64,"column":33}},{"start":{"line":65,"column":8},"end":{"line":65,"column":45}}],"line":63},"4":{"loc":{"start":{"line":68,"column":13},"end":{"line":100,"column":7}},"type":"if","locations":[{"start":{"line":68,"column":13},"end":{"line":100,"column":7}},{"start":{"line":68,"column":13},"end":{"line":100,"column":7}}],"line":68},"5":{"loc":{"start":{"line":71,"column":8},"end":{"line":81,"column":9}},"type":"if","locations":[{"start":{"line":71,"column":8},"end":{"line":81,"column":9}},{"start":{"line":71,"column":8},"end":{"line":81,"column":9}}],"line":71},"6":{"loc":{"start":{"line":72,"column":10},"end":{"line":73,"column":58}},"type":"binary-expr","locations":[{"start":{"line":72,"column":10},"end":{"line":72,"column":46}},{"start":{"line":73,"column":10},"end":{"line":73,"column":58}}],"line":72},"7":{"loc":{"start":{"line":76,"column":15},"end":{"line":81,"column":9}},"type":"if","locations":[{"start":{"line":76,"column":15},"end":{"line":81,"column":9}},{"start":{"line":76,"column":15},"end":{"line":81,"column":9}}],"line":76},"8":{"loc":{"start":{"line":77,"column":10},"end":{"line":78,"column":59}},"type":"binary-expr","locations":[{"start":{"line":77,"column":10},"end":{"line":77,"column":47}},{"start":{"line":78,"column":10},"end":{"line":78,"column":59}}],"line":77},"9":{"loc":{"start":{"line":82,"column":13},"end":{"line":100,"column":7}},"type":"if","locations":[{"start":{"line":82,"column":13},"end":{"line":100,"column":7}},{"start":{"line":82,"column":13},"end":{"line":100,"column":7}}],"line":82},"10":{"loc":{"start":{"line":83,"column":8},"end":{"line":85,"column":47}},"type":"binary-expr","locations":[{"start":{"line":83,"column":8},"end":{"line":83,"column":44}},{"start":{"line":84,"column":8},"end":{"line":84,"column":35}},{"start":{"line":85,"column":8},"end":{"line":85,"column":47}}],"line":83},"11":{"loc":{"start":{"line":122,"column":8},"end":{"line":127,"column":74}},"type":"binary-expr","locations":[{"start":{"line":122,"column":8},"end":{"line":122,"column":69}},{"start":{"line":123,"column":9},"end":{"line":123,"column":80}},{"start":{"line":124,"column":10},"end":{"line":124,"column":87}},{"start":{"line":125,"column":9},"end":{"line":125,"column":76}},{"start":{"line":126,"column":10},"end":{"line":126,"column":74}},{"start":{"line":127,"column":10},"end":{"line":127,"column":73}}],"line":122},"12":{"loc":{"start":{"line":136,"column":6},"end":{"line":146,"column":7}},"type":"switch","locations":[{"start":{"line":137,"column":8},"end":{"line":139,"column":16}},{"start":{"line":140,"column":8},"end":{"line":142,"column":16}},{"start":{"line":143,"column":8},"end":{"line":145,"column":16}}],"line":136},"13":{"loc":{"start":{"line":166,"column":8},"end":{"line":168,"column":73}},"type":"binary-expr","locations":[{"start":{"line":166,"column":8},"end":{"line":166,"column":69}},{"start":{"line":167,"column":9},"end":{"line":167,"column":82}},{"start":{"line":168,"column":10},"end":{"line":168,"column":72}}],"line":166},"14":{"loc":{"start":{"line":178,"column":6},"end":{"line":265,"column":7}},"type":"if","locations":[{"start":{"line":178,"column":6},"end":{"line":265,"column":7}},{"start":{"line":178,"column":6},"end":{"line":265,"column":7}}],"line":178},"15":{"loc":{"start":{"line":179,"column":8},"end":{"line":182,"column":79}},"type":"binary-expr","locations":[{"start":{"line":179,"column":8},"end":{"line":179,"column":18}},{"start":{"line":180,"column":8},"end":{"line":180,"column":24}},{"start":{"line":181,"column":10},"end":{"line":181,"column":38}},{"start":{"line":181,"column":42},"end":{"line":181,"column":76}},{"start":{"line":182,"column":11},"end":{"line":182,"column":39}},{"start":{"line":182,"column":43},"end":{"line":182,"column":77}}],"line":179},"16":{"loc":{"start":{"line":191,"column":13},"end":{"line":265,"column":7}},"type":"if","locations":[{"start":{"line":191,"column":13},"end":{"line":265,"column":7}},{"start":{"line":191,"column":13},"end":{"line":265,"column":7}}],"line":191},"17":{"loc":{"start":{"line":194,"column":8},"end":{"line":198,"column":9}},"type":"if","locations":[{"start":{"line":194,"column":8},"end":{"line":198,"column":9}},{"start":{"line":194,"column":8},"end":{"line":198,"column":9}}],"line":194},"18":{"loc":{"start":{"line":203,"column":19},"end":{"line":205,"column":45}},"type":"cond-expr","locations":[{"start":{"line":204,"column":12},"end":{"line":204,"column":45}},{"start":{"line":205,"column":12},"end":{"line":205,"column":45}}],"line":203},"19":{"loc":{"start":{"line":206,"column":8},"end":{"line":264,"column":9}},"type":"if","locations":[{"start":{"line":206,"column":8},"end":{"line":264,"column":9}},{"start":{"line":206,"column":8},"end":{"line":264,"column":9}}],"line":206},"20":{"loc":{"start":{"line":206,"column":12},"end":{"line":206,"column":67}},"type":"binary-expr","locations":[{"start":{"line":206,"column":12},"end":{"line":206,"column":27}},{"start":{"line":206,"column":31},"end":{"line":206,"column":46}},{"start":{"line":206,"column":50},"end":{"line":206,"column":67}}],"line":206},"21":{"loc":{"start":{"line":225,"column":14},"end":{"line":241,"column":15}},"type":"if","locations":[{"start":{"line":225,"column":14},"end":{"line":241,"column":15}},{"start":{"line":225,"column":14},"end":{"line":241,"column":15}}],"line":225},"22":{"loc":{"start":{"line":243,"column":14},"end":{"line":261,"column":15}},"type":"if","locations":[{"start":{"line":243,"column":14},"end":{"line":261,"column":15}},{"start":{"line":243,"column":14},"end":{"line":261,"column":15}}],"line":243},"23":{"loc":{"start":{"line":243,"column":18},"end":{"line":243,"column":61}},"type":"binary-expr","locations":[{"start":{"line":243,"column":18},"end":{"line":243,"column":35}},{"start":{"line":243,"column":39},"end":{"line":243,"column":61}}],"line":243},"24":{"loc":{"start":{"line":278,"column":8},"end":{"line":280,"column":70}},"type":"binary-expr","locations":[{"start":{"line":278,"column":8},"end":{"line":278,"column":69}},{"start":{"line":279,"column":8},"end":{"line":279,"column":85}},{"start":{"line":280,"column":8},"end":{"line":280,"column":70}}],"line":278},"25":{"loc":{"start":{"line":290,"column":6},"end":{"line":417,"column":7}},"type":"if","locations":[{"start":{"line":290,"column":6},"end":{"line":417,"column":7}},{"start":{"line":290,"column":6},"end":{"line":417,"column":7}}],"line":290},"26":{"loc":{"start":{"line":291,"column":8},"end":{"line":296,"column":63}},"type":"binary-expr","locations":[{"start":{"line":291,"column":8},"end":{"line":291,"column":18}},{"start":{"line":292,"column":8},"end":{"line":292,"column":24}},{"start":{"line":293,"column":10},"end":{"line":293,"column":52}},{"start":{"line":294,"column":10},"end":{"line":294,"column":58}},{"start":{"line":295,"column":11},"end":{"line":295,"column":54}},{"start":{"line":296,"column":12},"end":{"line":296,"column":61}}],"line":291},"27":{"loc":{"start":{"line":313,"column":8},"end":{"line":327,"column":9}},"type":"if","locations":[{"start":{"line":313,"column":8},"end":{"line":327,"column":9}},{"start":{"line":313,"column":8},"end":{"line":327,"column":9}}],"line":313},"28":{"loc":{"start":{"line":347,"column":12},"end":{"line":414,"column":13}},"type":"if","locations":[{"start":{"line":347,"column":12},"end":{"line":414,"column":13}},{"start":{"line":347,"column":12},"end":{"line":414,"column":13}}],"line":347},"29":{"loc":{"start":{"line":364,"column":19},"end":{"line":414,"column":13}},"type":"if","locations":[{"start":{"line":364,"column":19},"end":{"line":414,"column":13}},{"start":{"line":364,"column":19},"end":{"line":414,"column":13}}],"line":364},"30":{"loc":{"start":{"line":364,"column":23},"end":{"line":364,"column":69}},"type":"binary-expr","locations":[{"start":{"line":364,"column":23},"end":{"line":364,"column":27}},{"start":{"line":364,"column":31},"end":{"line":364,"column":43}},{"start":{"line":364,"column":47},"end":{"line":364,"column":69}}],"line":364},"31":{"loc":{"start":{"line":381,"column":14},"end":{"line":383,"column":15}},"type":"if","locations":[{"start":{"line":381,"column":14},"end":{"line":383,"column":15}},{"start":{"line":381,"column":14},"end":{"line":383,"column":15}}],"line":381},"32":{"loc":{"start":{"line":398,"column":14},"end":{"line":405,"column":15}},"type":"if","locations":[{"start":{"line":398,"column":14},"end":{"line":405,"column":15}},{"start":{"line":398,"column":14},"end":{"line":405,"column":15}}],"line":398},"33":{"loc":{"start":{"line":430,"column":8},"end":{"line":432,"column":70}},"type":"binary-expr","locations":[{"start":{"line":430,"column":8},"end":{"line":430,"column":69}},{"start":{"line":431,"column":8},"end":{"line":431,"column":82}},{"start":{"line":432,"column":8},"end":{"line":432,"column":70}}],"line":430},"34":{"loc":{"start":{"line":442,"column":6},"end":{"line":549,"column":7}},"type":"if","locations":[{"start":{"line":442,"column":6},"end":{"line":549,"column":7}},{"start":{"line":442,"column":6},"end":{"line":549,"column":7}}],"line":442},"35":{"loc":{"start":{"line":443,"column":8},"end":{"line":448,"column":72}},"type":"binary-expr","locations":[{"start":{"line":443,"column":8},"end":{"line":443,"column":18}},{"start":{"line":444,"column":8},"end":{"line":444,"column":24}},{"start":{"line":445,"column":8},"end":{"line":445,"column":41}},{"start":{"line":446,"column":8},"end":{"line":446,"column":47}},{"start":{"line":447,"column":8},"end":{"line":447,"column":74}},{"start":{"line":448,"column":8},"end":{"line":448,"column":72}}],"line":443},"36":{"loc":{"start":{"line":479,"column":12},"end":{"line":546,"column":13}},"type":"if","locations":[{"start":{"line":479,"column":12},"end":{"line":546,"column":13}},{"start":{"line":479,"column":12},"end":{"line":546,"column":13}}],"line":479},"37":{"loc":{"start":{"line":496,"column":19},"end":{"line":546,"column":13}},"type":"if","locations":[{"start":{"line":496,"column":19},"end":{"line":546,"column":13}},{"start":{"line":496,"column":19},"end":{"line":546,"column":13}}],"line":496},"38":{"loc":{"start":{"line":496,"column":23},"end":{"line":496,"column":69}},"type":"binary-expr","locations":[{"start":{"line":496,"column":23},"end":{"line":496,"column":27}},{"start":{"line":496,"column":31},"end":{"line":496,"column":43}},{"start":{"line":496,"column":47},"end":{"line":496,"column":69}}],"line":496},"39":{"loc":{"start":{"line":513,"column":14},"end":{"line":515,"column":15}},"type":"if","locations":[{"start":{"line":513,"column":14},"end":{"line":515,"column":15}},{"start":{"line":513,"column":14},"end":{"line":515,"column":15}}],"line":513},"40":{"loc":{"start":{"line":530,"column":14},"end":{"line":537,"column":15}},"type":"if","locations":[{"start":{"line":530,"column":14},"end":{"line":537,"column":15}},{"start":{"line":530,"column":14},"end":{"line":537,"column":15}}],"line":530}},"s":{"0":1,"1":1,"2":1,"3":0,"4":0,"5":0,"6":0,"7":1,"8":3,"9":3,"10":2,"11":3,"12":0,"13":0,"14":0,"15":0,"16":0,"17":0,"18":0,"19":0,"20":0,"21":0,"22":0,"23":0,"24":0,"25":0,"26":0,"27":3,"28":3,"29":0,"30":0,"31":0,"32":0,"33":0,"34":0,"35":0,"36":0,"37":0,"38":0,"39":3,"40":3,"41":0,"42":0,"43":0,"44":0,"45":0,"46":0,"47":0,"48":0,"49":0,"50":0,"51":0,"52":0,"53":0,"54":0,"55":0,"56":0,"57":0,"58":0,"59":0,"60":0,"61":0,"62":0,"63":0,"64":0,"65":0,"66":0,"67":0,"68":0,"69":0,"70":0,"71":0,"72":3,"73":3,"74":0,"75":0,"76":0,"77":0,"78":0,"79":0,"80":0,"81":0,"82":0,"83":0,"84":0,"85":0,"86":0,"87":0,"88":0,"89":0,"90":0,"91":0,"92":0,"93":0,"94":0,"95":0,"96":0,"97":0,"98":0,"99":0,"100":0,"101":0,"102":0,"103":0,"104":0,"105":0,"106":0,"107":0,"108":0,"109":0,"110":0,"111":0,"112":0,"113":0,"114":0,"115":0,"116":0,"117":0,"118":3,"119":3,"120":0,"121":0,"122":0,"123":0,"124":0,"125":0,"126":0,"127":0,"128":0,"129":0,"130":0,"131":0,"132":0,"133":0,"134":0,"135":0,"136":0,"137":0,"138":0,"139":0,"140":0,"141":0,"142":0,"143":0,"144":0,"145":0,"146":0,"147":0,"148":0,"149":0,"150":0,"151":0,"152":0,"153":0,"154":0,"155":0,"156":0,"157":0,"158":0},"f":{"0":0,"1":0,"2":0,"3":0,"4":0,"5":0,"6":0},"b":{"0":[2,1],"1":[3,0,0,0],"2":[0,0],"3":[0,0,0],"4":[0,0],"5":[0,0],"6":[0,0],"7":[0,0],"8":[0,0],"9":[0,0],"10":[0,0,0],"11":[3,2,2,0,0,0],"12":[0,0,0],"13":[3,2,0],"14":[0,0],"15":[0,0,0,0,0,0],"16":[0,0],"17":[0,0],"18":[0,0],"19":[0,0],"20":[0,0,0],"21":[0,0],"22":[0,0],"23":[0,0],"24":[3,2,0],"25":[0,0],"26":[0,0,0,0,0,0],"27":[0,0],"28":[0,0],"29":[0,0],"30":[0,0,0],"31":[0,0],"32":[0,0],"33":[3,2,0],"34":[0,0],"35":[0,0,0,0,0,0],"36":[0,0],"37":[0,0],"38":[0,0,0],"39":[0,0],"40":[0,0]},"_coverageSchema":"332fd63041d2c1bcb487cc26dd0d5f7d97098a6c","hash":"69c7961144971f62e6e6245983a766cedaed7144"}
,"C:\\Users\\jpk\\alexa\\alexa-sample-college-finder-nodejs\\lambda\\custom\\commonHandlers.js": {"path":"C:\\Users\\jpk\\alexa\\alexa-sample-college-finder-nodejs\\lambda\\custom\\commonHandlers.js","statementMap":{"0":{"start":{"line":20,"column":18},"end":{"line":20,"column":40}},"1":{"start":{"line":21,"column":16},"end":{"line":21,"column":36}},"2":{"start":{"line":23,"column":0},"end":{"line":479,"column":2}},"3":{"start":{"line":30,"column":6},"end":{"line":34,"column":8}},"4":{"start":{"line":37,"column":6},"end":{"line":37,"column":36}},"5":{"start":{"line":38,"column":23},"end":{"line":38,"column":76}},"6":{"start":{"line":41,"column":6},"end":{"line":41,"column":59}},"7":{"start":{"line":48,"column":6},"end":{"line":104,"column":7}},"8":{"start":{"line":49,"column":8},"end":{"line":70,"column":9}},"9":{"start":{"line":50,"column":23},"end":{"line":50,"column":62}},"10":{"start":{"line":51,"column":10},"end":{"line":57,"column":61}},"11":{"start":{"line":59,"column":10},"end":{"line":59,"column":72}},"12":{"start":{"line":60,"column":10},"end":{"line":60,"column":56}},"13":{"start":{"line":61,"column":10},"end":{"line":61,"column":52}},"14":{"start":{"line":63,"column":10},"end":{"line":67,"column":11}},"15":{"start":{"line":64,"column":12},"end":{"line":66,"column":14}},"16":{"start":{"line":69,"column":10},"end":{"line":69,"column":60}},"17":{"start":{"line":71,"column":8},"end":{"line":74,"column":59}},"18":{"start":{"line":75,"column":8},"end":{"line":75,"column":62}},"19":{"start":{"line":76,"column":13},"end":{"line":104,"column":7}},"20":{"start":{"line":85,"column":8},"end":{"line":91,"column":12}},"21":{"start":{"line":92,"column":8},"end":{"line":92,"column":63}},"22":{"start":{"line":93,"column":13},"end":{"line":104,"column":7}},"23":{"start":{"line":94,"column":8},"end":{"line":97,"column":70}},"24":{"start":{"line":98,"column":8},"end":{"line":98,"column":63}},"25":{"start":{"line":100,"column":8},"end":{"line":100,"column":67}},"26":{"start":{"line":101,"column":8},"end":{"line":102,"column":96}},"27":{"start":{"line":103,"column":8},"end":{"line":103,"column":63}},"28":{"start":{"line":106,"column":6},"end":{"line":106,"column":52}},"29":{"start":{"line":108,"column":6},"end":{"line":108,"column":78}},"30":{"start":{"line":118,"column":6},"end":{"line":121,"column":8}},"31":{"start":{"line":124,"column":23},"end":{"line":124,"column":76}},"32":{"start":{"line":125,"column":6},"end":{"line":125,"column":46}},"33":{"start":{"line":129,"column":6},"end":{"line":140,"column":7}},"34":{"start":{"line":130,"column":8},"end":{"line":130,"column":64}},"35":{"start":{"line":131,"column":8},"end":{"line":131,"column":67}},"36":{"start":{"line":132,"column":13},"end":{"line":140,"column":7}},"37":{"start":{"line":133,"column":8},"end":{"line":135,"column":84}},"38":{"start":{"line":136,"column":13},"end":{"line":140,"column":7}},"39":{"start":{"line":137,"column":8},"end":{"line":137,"column":78}},"40":{"start":{"line":138,"column":8},"end":{"line":138,"column":65}},"41":{"start":{"line":139,"column":8},"end":{"line":139,"column":79}},"42":{"start":{"line":142,"column":6},"end":{"line":142,"column":78}},"43":{"start":{"line":151,"column":6},"end":{"line":155,"column":8}},"44":{"start":{"line":158,"column":23},"end":{"line":158,"column":76}},"45":{"start":{"line":159,"column":6},"end":{"line":159,"column":75}},"46":{"start":{"line":160,"column":22},"end":{"line":160,"column":70}},"47":{"start":{"line":162,"column":6},"end":{"line":162,"column":78}},"48":{"start":{"line":170,"column":6},"end":{"line":173,"column":8}},"49":{"start":{"line":176,"column":23},"end":{"line":176,"column":76}},"50":{"start":{"line":177,"column":6},"end":{"line":177,"column":70}},"51":{"start":{"line":179,"column":8},"end":{"line":181,"column":43}},"52":{"start":{"line":183,"column":6},"end":{"line":183,"column":60}},"53":{"start":{"line":184,"column":6},"end":{"line":184,"column":78}},"54":{"start":{"line":194,"column":6},"end":{"line":197,"column":8}},"55":{"start":{"line":200,"column":23},"end":{"line":200,"column":76}},"56":{"start":{"line":201,"column":6},"end":{"line":201,"column":71}},"57":{"start":{"line":205,"column":6},"end":{"line":207,"column":59}},"58":{"start":{"line":209,"column":6},"end":{"line":279,"column":7}},"59":{"start":{"line":211,"column":10},"end":{"line":215,"column":11}},"60":{"start":{"line":212,"column":12},"end":{"line":212,"column":76}},"61":{"start":{"line":214,"column":12},"end":{"line":214,"column":69}},"62":{"start":{"line":216,"column":10},"end":{"line":216,"column":16}},"63":{"start":{"line":219,"column":10},"end":{"line":219,"column":66}},"64":{"start":{"line":220,"column":10},"end":{"line":220,"column":16}},"65":{"start":{"line":223,"column":10},"end":{"line":223,"column":68}},"66":{"start":{"line":224,"column":10},"end":{"line":224,"column":16}},"67":{"start":{"line":227,"column":10},"end":{"line":227,"column":67}},"68":{"start":{"line":228,"column":10},"end":{"line":228,"column":16}},"69":{"start":{"line":231,"column":10},"end":{"line":234,"column":62}},"70":{"start":{"line":235,"column":10},"end":{"line":235,"column":16}},"71":{"start":{"line":238,"column":10},"end":{"line":238,"column":74}},"72":{"start":{"line":239,"column":10},"end":{"line":239,"column":16}},"73":{"start":{"line":242,"column":10},"end":{"line":242,"column":71}},"74":{"start":{"line":243,"column":10},"end":{"line":243,"column":16}},"75":{"start":{"line":246,"column":10},"end":{"line":246,"column":70}},"76":{"start":{"line":247,"column":10},"end":{"line":247,"column":16}},"77":{"start":{"line":250,"column":10},"end":{"line":261,"column":11}},"78":{"start":{"line":251,"column":12},"end":{"line":251,"column":67}},"79":{"start":{"line":252,"column":12},"end":{"line":255,"column":63}},"80":{"start":{"line":257,"column":12},"end":{"line":260,"column":50}},"81":{"start":{"line":262,"column":10},"end":{"line":262,"column":16}},"82":{"start":{"line":267,"column":10},"end":{"line":270,"column":61}},"83":{"start":{"line":271,"column":10},"end":{"line":271,"column":16}},"84":{"start":{"line":274,"column":10},"end":{"line":277,"column":48}},"85":{"start":{"line":281,"column":6},"end":{"line":281,"column":60}},"86":{"start":{"line":282,"column":6},"end":{"line":282,"column":78}},"87":{"start":{"line":291,"column":6},"end":{"line":295,"column":8}},"88":{"start":{"line":298,"column":6},"end":{"line":298,"column":46}},"89":{"start":{"line":300,"column":23},"end":{"line":300,"column":76}},"90":{"start":{"line":301,"column":6},"end":{"line":301,"column":62}},"91":{"start":{"line":302,"column":6},"end":{"line":302,"column":63}},"92":{"start":{"line":304,"column":6},"end":{"line":307,"column":23}},"93":{"start":{"line":317,"column":6},"end":{"line":317,"column":81}},"94":{"start":{"line":320,"column":6},"end":{"line":320,"column":96}},"95":{"start":{"line":321,"column":23},"end":{"line":321,"column":76}},"96":{"start":{"line":322,"column":6},"end":{"line":322,"column":62}},"97":{"start":{"line":324,"column":6},"end":{"line":324,"column":63}},"98":{"start":{"line":326,"column":6},"end":{"line":326,"column":56}},"99":{"start":{"line":334,"column":6},"end":{"line":334,"column":18}},"100":{"start":{"line":337,"column":6},"end":{"line":337,"column":32}},"101":{"start":{"line":338,"column":23},"end":{"line":338,"column":76}},"102":{"start":{"line":340,"column":6},"end":{"line":344,"column":7}},"103":{"start":{"line":341,"column":8},"end":{"line":341,"column":43}},"104":{"start":{"line":343,"column":8},"end":{"line":343,"column":50}},"105":{"start":{"line":346,"column":22},"end":{"line":349,"column":9}},"106":{"start":{"line":351,"column":6},"end":{"line":351,"column":89}},"107":{"start":{"line":359,"column":6},"end":{"line":359,"column":18}},"108":{"start":{"line":362,"column":6},"end":{"line":362,"column":55}},"109":{"start":{"line":363,"column":6},"end":{"line":363,"column":42}},"110":{"start":{"line":365,"column":23},"end":{"line":365,"column":76}},"111":{"start":{"line":368,"column":6},"end":{"line":439,"column":7}},"112":{"start":{"line":370,"column":10},"end":{"line":389,"column":11}},"113":{"start":{"line":372,"column":12},"end":{"line":378,"column":13}},"114":{"start":{"line":373,"column":14},"end":{"line":373,"column":29}},"115":{"start":{"line":374,"column":14},"end":{"line":374,"column":31}},"116":{"start":{"line":376,"column":14},"end":{"line":376,"column":27}},"117":{"start":{"line":377,"column":14},"end":{"line":377,"column":29}},"118":{"start":{"line":379,"column":12},"end":{"line":384,"column":51}},"119":{"start":{"line":386,"column":12},"end":{"line":386,"column":95}},"120":{"start":{"line":388,"column":12},"end":{"line":388,"column":36}},"121":{"start":{"line":390,"column":10},"end":{"line":390,"column":16}},"122":{"start":{"line":393,"column":10},"end":{"line":393,"column":33}},"123":{"start":{"line":394,"column":10},"end":{"line":394,"column":16}},"124":{"start":{"line":397,"column":10},"end":{"line":397,"column":35}},"125":{"start":{"line":398,"column":10},"end":{"line":398,"column":16}},"126":{"start":{"line":401,"column":10},"end":{"line":401,"column":34}},"127":{"start":{"line":402,"column":10},"end":{"line":402,"column":16}},"128":{"start":{"line":405,"column":10},"end":{"line":405,"column":33}},"129":{"start":{"line":406,"column":10},"end":{"line":406,"column":16}},"130":{"start":{"line":409,"column":10},"end":{"line":409,"column":35}},"131":{"start":{"line":410,"column":10},"end":{"line":410,"column":16}},"132":{"start":{"line":413,"column":10},"end":{"line":413,"column":40}},"133":{"start":{"line":414,"column":10},"end":{"line":414,"column":16}},"134":{"start":{"line":417,"column":10},"end":{"line":417,"column":45}},"135":{"start":{"line":418,"column":10},"end":{"line":418,"column":16}},"136":{"start":{"line":421,"column":10},"end":{"line":421,"column":36}},"137":{"start":{"line":422,"column":10},"end":{"line":422,"column":16}},"138":{"start":{"line":425,"column":10},"end":{"line":433,"column":11}},"139":{"start":{"line":426,"column":12},"end":{"line":430,"column":13}},"140":{"start":{"line":427,"column":14},"end":{"line":427,"column":49}},"141":{"start":{"line":428,"column":19},"end":{"line":430,"column":13}},"142":{"start":{"line":429,"column":14},"end":{"line":429,"column":46}},"143":{"start":{"line":432,"column":12},"end":{"line":432,"column":40}},"144":{"start":{"line":434,"column":10},"end":{"line":434,"column":16}},"145":{"start":{"line":437,"column":10},"end":{"line":437,"column":77}},"146":{"start":{"line":441,"column":6},"end":{"line":444,"column":23}},"147":{"start":{"line":453,"column":6},"end":{"line":453,"column":85}},"148":{"start":{"line":456,"column":6},"end":{"line":456,"column":58}},"149":{"start":{"line":458,"column":6},"end":{"line":476,"column":23}}},"fnMap":{},"branchMap":{"0":{"loc":{"start":{"line":31,"column":8},"end":{"line":33,"column":88}},"type":"binary-expr","locations":[{"start":{"line":31,"column":8},"end":{"line":31,"column":69}},{"start":{"line":32,"column":9},"end":{"line":32,"column":70}},{"start":{"line":33,"column":10},"end":{"line":33,"column":87}}],"line":31},"1":{"loc":{"start":{"line":48,"column":6},"end":{"line":104,"column":7}},"type":"if","locations":[{"start":{"line":48,"column":6},"end":{"line":104,"column":7}},{"start":{"line":48,"column":6},"end":{"line":104,"column":7}}],"line":48},"2":{"loc":{"start":{"line":49,"column":8},"end":{"line":70,"column":9}},"type":"if","locations":[{"start":{"line":49,"column":8},"end":{"line":70,"column":9}},{"start":{"line":49,"column":8},"end":{"line":70,"column":9}}],"line":49},"3":{"loc":{"start":{"line":63,"column":10},"end":{"line":67,"column":11}},"type":"if","locations":[{"start":{"line":63,"column":10},"end":{"line":67,"column":11}},{"start":{"line":63,"column":10},"end":{"line":67,"column":11}}],"line":63},"4":{"loc":{"start":{"line":76,"column":13},"end":{"line":104,"column":7}},"type":"if","locations":[{"start":{"line":76,"column":13},"end":{"line":104,"column":7}},{"start":{"line":76,"column":13},"end":{"line":104,"column":7}}],"line":76},"5":{"loc":{"start":{"line":77,"column":8},"end":{"line":83,"column":35}},"type":"binary-expr","locations":[{"start":{"line":77,"column":9},"end":{"line":77,"column":44}},{"start":{"line":78,"column":11},"end":{"line":78,"column":36}},{"start":{"line":79,"column":12},"end":{"line":79,"column":37}},{"start":{"line":80,"column":12},"end":{"line":80,"column":38}},{"start":{"line":81,"column":12},"end":{"line":81,"column":40}},{"start":{"line":82,"column":12},"end":{"line":82,"column":38}},{"start":{"line":83,"column":8},"end":{"line":83,"column":35}}],"line":77},"6":{"loc":{"start":{"line":93,"column":13},"end":{"line":104,"column":7}},"type":"if","locations":[{"start":{"line":93,"column":13},"end":{"line":104,"column":7}},{"start":{"line":93,"column":13},"end":{"line":104,"column":7}}],"line":93},"7":{"loc":{"start":{"line":93,"column":17},"end":{"line":93,"column":97}},"type":"binary-expr","locations":[{"start":{"line":93,"column":17},"end":{"line":93,"column":52}},{"start":{"line":93,"column":56},"end":{"line":93,"column":97}}],"line":93},"8":{"loc":{"start":{"line":119,"column":8},"end":{"line":120,"column":78}},"type":"binary-expr","locations":[{"start":{"line":119,"column":8},"end":{"line":119,"column":69}},{"start":{"line":120,"column":8},"end":{"line":120,"column":78}}],"line":119},"9":{"loc":{"start":{"line":129,"column":6},"end":{"line":140,"column":7}},"type":"if","locations":[{"start":{"line":129,"column":6},"end":{"line":140,"column":7}},{"start":{"line":129,"column":6},"end":{"line":140,"column":7}}],"line":129},"10":{"loc":{"start":{"line":132,"column":13},"end":{"line":140,"column":7}},"type":"if","locations":[{"start":{"line":132,"column":13},"end":{"line":140,"column":7}},{"start":{"line":132,"column":13},"end":{"line":140,"column":7}}],"line":132},"11":{"loc":{"start":{"line":136,"column":13},"end":{"line":140,"column":7}},"type":"if","locations":[{"start":{"line":136,"column":13},"end":{"line":140,"column":7}},{"start":{"line":136,"column":13},"end":{"line":140,"column":7}}],"line":136},"12":{"loc":{"start":{"line":152,"column":8},"end":{"line":154,"column":88}},"type":"binary-expr","locations":[{"start":{"line":152,"column":8},"end":{"line":152,"column":69}},{"start":{"line":153,"column":9},"end":{"line":153,"column":85}},{"start":{"line":154,"column":10},"end":{"line":154,"column":87}}],"line":152},"13":{"loc":{"start":{"line":171,"column":8},"end":{"line":172,"column":79}},"type":"binary-expr","locations":[{"start":{"line":171,"column":8},"end":{"line":171,"column":69}},{"start":{"line":172,"column":8},"end":{"line":172,"column":79}}],"line":171},"14":{"loc":{"start":{"line":195,"column":8},"end":{"line":196,"column":80}},"type":"binary-expr","locations":[{"start":{"line":195,"column":8},"end":{"line":195,"column":69}},{"start":{"line":196,"column":8},"end":{"line":196,"column":80}}],"line":195},"15":{"loc":{"start":{"line":205,"column":44},"end":{"line":207,"column":58}},"type":"cond-expr","locations":[{"start":{"line":206,"column":10},"end":{"line":206,"column":45}},{"start":{"line":207,"column":10},"end":{"line":207,"column":58}}],"line":205},"16":{"loc":{"start":{"line":209,"column":6},"end":{"line":279,"column":7}},"type":"switch","locations":[{"start":{"line":210,"column":8},"end":{"line":217,"column":9}},{"start":{"line":218,"column":8},"end":{"line":221,"column":9}},{"start":{"line":222,"column":8},"end":{"line":225,"column":9}},{"start":{"line":226,"column":8},"end":{"line":229,"column":9}},{"start":{"line":230,"column":8},"end":{"line":236,"column":9}},{"start":{"line":237,"column":8},"end":{"line":240,"column":9}},{"start":{"line":241,"column":8},"end":{"line":244,"column":9}},{"start":{"line":245,"column":8},"end":{"line":248,"column":9}},{"start":{"line":249,"column":8},"end":{"line":263,"column":9}},{"start":{"line":266,"column":8},"end":{"line":272,"column":9}},{"start":{"line":273,"column":8},"end":{"line":278,"column":9}}],"line":209},"17":{"loc":{"start":{"line":211,"column":10},"end":{"line":215,"column":11}},"type":"if","locations":[{"start":{"line":211,"column":10},"end":{"line":215,"column":11}},{"start":{"line":211,"column":10},"end":{"line":215,"column":11}}],"line":211},"18":{"loc":{"start":{"line":250,"column":10},"end":{"line":261,"column":11}},"type":"if","locations":[{"start":{"line":250,"column":10},"end":{"line":261,"column":11}},{"start":{"line":250,"column":10},"end":{"line":261,"column":11}}],"line":250},"19":{"loc":{"start":{"line":292,"column":8},"end":{"line":294,"column":83}},"type":"binary-expr","locations":[{"start":{"line":292,"column":8},"end":{"line":292,"column":69}},{"start":{"line":293,"column":9},"end":{"line":293,"column":83}},{"start":{"line":294,"column":10},"end":{"line":294,"column":82}}],"line":292},"20":{"loc":{"start":{"line":340,"column":6},"end":{"line":344,"column":7}},"type":"if","locations":[{"start":{"line":340,"column":6},"end":{"line":344,"column":7}},{"start":{"line":340,"column":6},"end":{"line":344,"column":7}}],"line":340},"21":{"loc":{"start":{"line":368,"column":6},"end":{"line":439,"column":7}},"type":"switch","locations":[{"start":{"line":369,"column":8},"end":{"line":391,"column":9}},{"start":{"line":392,"column":8},"end":{"line":395,"column":9}},{"start":{"line":396,"column":8},"end":{"line":399,"column":9}},{"start":{"line":400,"column":8},"end":{"line":403,"column":9}},{"start":{"line":404,"column":8},"end":{"line":407,"column":9}},{"start":{"line":408,"column":8},"end":{"line":411,"column":9}},{"start":{"line":412,"column":8},"end":{"line":415,"column":9}},{"start":{"line":416,"column":8},"end":{"line":419,"column":9}},{"start":{"line":420,"column":8},"end":{"line":423,"column":9}},{"start":{"line":424,"column":8},"end":{"line":435,"column":9}},{"start":{"line":436,"column":8},"end":{"line":438,"column":9}}],"line":368},"22":{"loc":{"start":{"line":370,"column":10},"end":{"line":389,"column":11}},"type":"if","locations":[{"start":{"line":370,"column":10},"end":{"line":389,"column":11}},{"start":{"line":370,"column":10},"end":{"line":389,"column":11}}],"line":370},"23":{"loc":{"start":{"line":372,"column":12},"end":{"line":378,"column":13}},"type":"if","locations":[{"start":{"line":372,"column":12},"end":{"line":378,"column":13}},{"start":{"line":372,"column":12},"end":{"line":378,"column":13}}],"line":372},"24":{"loc":{"start":{"line":425,"column":10},"end":{"line":433,"column":11}},"type":"if","locations":[{"start":{"line":425,"column":10},"end":{"line":433,"column":11}},{"start":{"line":425,"column":10},"end":{"line":433,"column":11}}],"line":425},"25":{"loc":{"start":{"line":426,"column":12},"end":{"line":430,"column":13}},"type":"if","locations":[{"start":{"line":426,"column":12},"end":{"line":430,"column":13}},{"start":{"line":426,"column":12},"end":{"line":430,"column":13}}],"line":426},"26":{"loc":{"start":{"line":428,"column":19},"end":{"line":430,"column":13}},"type":"if","locations":[{"start":{"line":428,"column":19},"end":{"line":430,"column":13}},{"start":{"line":428,"column":19},"end":{"line":430,"column":13}}],"line":428}},"s":{"0":1,"1":1,"2":1,"3":1,"4":1,"5":1,"6":1,"7":1,"8":0,"9":0,"10":0,"11":0,"12":0,"13":0,"14":0,"15":0,"16":0,"17":0,"18":0,"19":1,"20":0,"21":0,"22":1,"23":0,"24":0,"25":1,"26":1,"27":1,"28":1,"29":1,"30":1,"31":0,"32":0,"33":0,"34":0,"35":0,"36":0,"37":0,"38":0,"39":0,"40":0,"41":0,"42":0,"43":0,"44":0,"45":0,"46":0,"47":0,"48":3,"49":0,"50":0,"51":0,"52":0,"53":0,"54":3,"55":0,"56":0,"57":0,"58":0,"59":0,"60":0,"61":0,"62":0,"63":0,"64":0,"65":0,"66":0,"67":0,"68":0,"69":0,"70":0,"71":0,"72":0,"73":0,"74":0,"75":0,"76":0,"77":0,"78":0,"79":0,"80":0,"81":0,"82":0,"83":0,"84":0,"85":0,"86":0,"87":3,"88":0,"89":0,"90":0,"91":0,"92":0,"93":0,"94":0,"95":0,"96":0,"97":0,"98":0,"99":0,"100":0,"101":0,"102":0,"103":0,"104":0,"105":0,"106":0,"107":0,"108":0,"109":0,"110":0,"111":0,"112":0,"113":0,"114":0,"115":0,"116":0,"117":0,"118":0,"119":0,"120":0,"121":0,"122":0,"123":0,"124":0,"125":0,"126":0,"127":0,"128":0,"129":0,"130":0,"131":0,"132":0,"133":0,"134":0,"135":0,"136":0,"137":0,"138":0,"139":0,"140":0,"141":0,"142":0,"143":0,"144":0,"145":0,"146":0,"147":0,"148":0,"149":0},"f":{},"b":{"0":[1,0,0],"1":[0,1],"2":[0,0],"3":[0,0],"4":[0,1],"5":[1,1,1,1,1,1,1],"6":[0,1],"7":[1,1],"8":[1,0],"9":[0,0],"10":[0,0],"11":[0,0],"12":[0,0,0],"13":[3,2],"14":[3,2],"15":[0,0],"16":[0,0,0,0,0,0,0,0,0,0,0],"17":[0,0],"18":[0,0],"19":[3,2,2],"20":[0,0],"21":[0,0,0,0,0,0,0,0,0,0,0],"22":[0,0],"23":[0,0],"24":[0,0],"25":[0,0],"26":[0,0]},"_coverageSchema":"332fd63041d2c1bcb487cc26dd0d5f7d97098a6c","hash":"ff67c6b67172b17a6dabaee3807d089a4538e7cc"}
,"C:\\Users\\jpk\\alexa\\alexa-sample-college-finder-nodejs\\lambda\\custom\\config.js": {"path":"C:\\Users\\jpk\\alexa\\alexa-sample-college-finder-nodejs\\lambda\\custom\\config.js","statementMap":{"0":{"start":{"line":15,"column":0},"end":{"line":28,"column":3}}},"fnMap":{},"branchMap":{},"s":{"0":1},"f":{},"b":{},"_coverageSchema":"332fd63041d2c1bcb487cc26dd0d5f7d97098a6c","hash":"a62599696c98b057c956dfae62989dfc7bdda564"}
,"C:\\Users\\jpk\\alexa\\alexa-sample-college-finder-nodejs\\lambda\\custom\\constants.js": {"path":"C:\\Users\\jpk\\alexa\\alexa-sample-college-finder-nodejs\\lambda\\custom\\constants.js","statementMap":{"0":{"start":{"line":15,"column":0},"end":{"line":113,"column":3}}},"fnMap":{},"branchMap":{},"s":{"0":1},"f":{},"b":{},"_coverageSchema":"332fd63041d2c1bcb487cc26dd0d5f7d97098a6c","hash":"3ddef4938bcd6afd97553424024de3c71a650a20"}
,"C:\\Users\\jpk\\alexa\\alexa-sample-college-finder-nodejs\\lambda\\custom\\fullSearchHandlers.js": {"path":"C:\\Users\\jpk\\alexa\\alexa-sample-college-finder-nodejs\\lambda\\custom\\fullSearchHandlers.js","statementMap":{"0":{"start":{"line":23,"column":18},"end":{"line":23,"column":40}},"1":{"start":{"line":24,"column":16},"end":{"line":24,"column":36}},"2":{"start":{"line":25,"column":15},"end":{"line":25,"column":34}},"3":{"start":{"line":35,"column":2},"end":{"line":35,"column":68}},"4":{"start":{"line":36,"column":2},"end":{"line":76,"column":3}},"5":{"start":{"line":38,"column":6},"end":{"line":38,"column":55}},"6":{"start":{"line":39,"column":6},"end":{"line":39,"column":81}},"7":{"start":{"line":40,"column":6},"end":{"line":40,"column":70}},"8":{"start":{"line":41,"column":6},"end":{"line":41,"column":74}},"9":{"start":{"line":42,"column":6},"end":{"line":42,"column":90}},"10":{"start":{"line":43,"column":6},"end":{"line":43,"column":79}},"11":{"start":{"line":44,"column":6},"end":{"line":44,"column":83}},"12":{"start":{"line":45,"column":6},"end":{"line":45,"column":12}},"13":{"start":{"line":48,"column":6},"end":{"line":48,"column":55}},"14":{"start":{"line":49,"column":6},"end":{"line":49,"column":80}},"15":{"start":{"line":50,"column":6},"end":{"line":50,"column":70}},"16":{"start":{"line":51,"column":6},"end":{"line":51,"column":74}},"17":{"start":{"line":52,"column":6},"end":{"line":52,"column":89}},"18":{"start":{"line":53,"column":6},"end":{"line":53,"column":79}},"19":{"start":{"line":54,"column":6},"end":{"line":54,"column":83}},"20":{"start":{"line":55,"column":6},"end":{"line":55,"column":12}},"21":{"start":{"line":58,"column":6},"end":{"line":58,"column":55}},"22":{"start":{"line":59,"column":6},"end":{"line":59,"column":80}},"23":{"start":{"line":60,"column":6},"end":{"line":60,"column":81}},"24":{"start":{"line":61,"column":6},"end":{"line":61,"column":89}},"25":{"start":{"line":62,"column":6},"end":{"line":62,"column":90}},"26":{"start":{"line":63,"column":6},"end":{"line":63,"column":12}},"27":{"start":{"line":66,"column":6},"end":{"line":66,"column":74}},"28":{"start":{"line":67,"column":6},"end":{"line":67,"column":80}},"29":{"start":{"line":68,"column":6},"end":{"line":68,"column":70}},"30":{"start":{"line":69,"column":6},"end":{"line":69,"column":74}},"31":{"start":{"line":70,"column":6},"end":{"line":70,"column":89}},"32":{"start":{"line":71,"column":6},"end":{"line":71,"column":79}},"33":{"start":{"line":72,"column":6},"end":{"line":72,"column":83}},"34":{"start":{"line":73,"column":6},"end":{"line":73,"column":81}},"35":{"start":{"line":74,"column":6},"end":{"line":74,"column":90}},"36":{"start":{"line":79,"column":2},"end":{"line":79,"column":79}},"37":{"start":{"line":81,"column":2},"end":{"line":81,"column":19}},"38":{"start":{"line":94,"column":2},"end":{"line":94,"column":44}},"39":{"start":{"line":95,"column":2},"end":{"line":95,"column":84}},"40":{"start":{"line":96,"column":2},"end":{"line":96,"column":63}},"41":{"start":{"line":98,"column":2},"end":{"line":98,"column":56}},"42":{"start":{"line":100,"column":2},"end":{"line":104,"column":19}},"43":{"start":{"line":117,"column":2},"end":{"line":117,"column":47}},"44":{"start":{"line":118,"column":2},"end":{"line":118,"column":63}},"45":{"start":{"line":119,"column":2},"end":{"line":119,"column":55}},"46":{"start":{"line":121,"column":2},"end":{"line":121,"column":56}},"47":{"start":{"line":123,"column":2},"end":{"line":123,"column":81}},"48":{"start":{"line":134,"column":12},"end":{"line":134,"column":26}},"49":{"start":{"line":135,"column":20},"end":{"line":135,"column":61}},"50":{"start":{"line":138,"column":2},"end":{"line":148,"column":3}},"51":{"start":{"line":139,"column":4},"end":{"line":141,"column":7}},"52":{"start":{"line":142,"column":9},"end":{"line":148,"column":3}},"53":{"start":{"line":143,"column":4},"end":{"line":143,"column":91}},"54":{"start":{"line":144,"column":9},"end":{"line":148,"column":3}},"55":{"start":{"line":145,"column":4},"end":{"line":147,"column":7}},"56":{"start":{"line":151,"column":2},"end":{"line":155,"column":3}},"57":{"start":{"line":152,"column":4},"end":{"line":152,"column":43}},"58":{"start":{"line":153,"column":9},"end":{"line":155,"column":3}},"59":{"start":{"line":154,"column":4},"end":{"line":154,"column":33}},"60":{"start":{"line":158,"column":2},"end":{"line":164,"column":3}},"61":{"start":{"line":159,"column":4},"end":{"line":159,"column":61}},"62":{"start":{"line":160,"column":9},"end":{"line":164,"column":3}},"63":{"start":{"line":161,"column":4},"end":{"line":161,"column":54}},"64":{"start":{"line":162,"column":9},"end":{"line":164,"column":3}},"65":{"start":{"line":163,"column":4},"end":{"line":163,"column":56}},"66":{"start":{"line":167,"column":2},"end":{"line":175,"column":3}},"67":{"start":{"line":168,"column":4},"end":{"line":174,"column":5}},"68":{"start":{"line":169,"column":6},"end":{"line":169,"column":49}},"69":{"start":{"line":170,"column":11},"end":{"line":174,"column":5}},"70":{"start":{"line":171,"column":6},"end":{"line":171,"column":49}},"71":{"start":{"line":173,"column":6},"end":{"line":173,"column":59}},"72":{"start":{"line":178,"column":2},"end":{"line":182,"column":3}},"73":{"start":{"line":179,"column":4},"end":{"line":179,"column":86}},"74":{"start":{"line":181,"column":4},"end":{"line":181,"column":31}},"75":{"start":{"line":185,"column":2},"end":{"line":192,"column":3}},"76":{"start":{"line":186,"column":4},"end":{"line":188,"column":8}},"77":{"start":{"line":189,"column":9},"end":{"line":192,"column":3}},"78":{"start":{"line":190,"column":4},"end":{"line":191,"column":48}},"79":{"start":{"line":195,"column":2},"end":{"line":202,"column":3}},"80":{"start":{"line":199,"column":4},"end":{"line":201,"column":23}},"81":{"start":{"line":205,"column":2},"end":{"line":205,"column":26}},"82":{"start":{"line":207,"column":2},"end":{"line":207,"column":38}},"83":{"start":{"line":209,"column":2},"end":{"line":209,"column":13}},"84":{"start":{"line":212,"column":0},"end":{"line":515,"column":2}},"85":{"start":{"line":220,"column":6},"end":{"line":224,"column":8}},"86":{"start":{"line":227,"column":23},"end":{"line":227,"column":76}},"87":{"start":{"line":228,"column":6},"end":{"line":228,"column":73}},"88":{"start":{"line":230,"column":28},"end":{"line":230,"column":64}},"89":{"start":{"line":235,"column":6},"end":{"line":254,"column":7}},"90":{"start":{"line":236,"column":8},"end":{"line":236,"column":56}},"91":{"start":{"line":238,"column":8},"end":{"line":240,"column":9}},"92":{"start":{"line":239,"column":10},"end":{"line":239,"column":66}},"93":{"start":{"line":242,"column":8},"end":{"line":249,"column":9}},"94":{"start":{"line":243,"column":10},"end":{"line":243,"column":52}},"95":{"start":{"line":244,"column":10},"end":{"line":244,"column":63}},"96":{"start":{"line":246,"column":10},"end":{"line":246,"column":94}},"97":{"start":{"line":247,"column":10},"end":{"line":248,"column":32}},"98":{"start":{"line":251,"column":8},"end":{"line":251,"column":69}},"99":{"start":{"line":253,"column":8},"end":{"line":253,"column":41}},"100":{"start":{"line":256,"column":6},"end":{"line":256,"column":67}},"101":{"start":{"line":258,"column":6},"end":{"line":267,"column":7}},"102":{"start":{"line":263,"column":8},"end":{"line":263,"column":75}},"103":{"start":{"line":265,"column":8},"end":{"line":265,"column":72}},"104":{"start":{"line":266,"column":8},"end":{"line":266,"column":81}},"105":{"start":{"line":269,"column":6},"end":{"line":273,"column":7}},"106":{"start":{"line":270,"column":8},"end":{"line":270,"column":79}},"107":{"start":{"line":272,"column":8},"end":{"line":272,"column":74}},"108":{"start":{"line":275,"column":6},"end":{"line":275,"column":81}},"109":{"start":{"line":277,"column":6},"end":{"line":279,"column":7}},"110":{"start":{"line":278,"column":8},"end":{"line":278,"column":75}},"111":{"start":{"line":281,"column":6},"end":{"line":288,"column":7}},"112":{"start":{"line":282,"column":8},"end":{"line":282,"column":63}},"113":{"start":{"line":283,"column":13},"end":{"line":288,"column":7}},"114":{"start":{"line":284,"column":8},"end":{"line":284,"column":63}},"115":{"start":{"line":286,"column":8},"end":{"line":286,"column":73}},"116":{"start":{"line":287,"column":8},"end":{"line":287,"column":82}},"117":{"start":{"line":291,"column":6},"end":{"line":413,"column":7}},"118":{"start":{"line":295,"column":8},"end":{"line":295,"column":77}},"119":{"start":{"line":298,"column":8},"end":{"line":344,"column":9}},"120":{"start":{"line":302,"column":10},"end":{"line":311,"column":11}},"121":{"start":{"line":303,"column":12},"end":{"line":303,"column":78}},"122":{"start":{"line":304,"column":12},"end":{"line":305,"column":52}},"123":{"start":{"line":306,"column":12},"end":{"line":306,"column":96}},"124":{"start":{"line":307,"column":17},"end":{"line":311,"column":11}},"125":{"start":{"line":308,"column":12},"end":{"line":308,"column":77}},"126":{"start":{"line":309,"column":12},"end":{"line":309,"column":99}},"127":{"start":{"line":310,"column":12},"end":{"line":310,"column":95}},"128":{"start":{"line":312,"column":10},"end":{"line":312,"column":46}},"129":{"start":{"line":315,"column":10},"end":{"line":328,"column":11}},"130":{"start":{"line":316,"column":12},"end":{"line":316,"column":90}},"131":{"start":{"line":317,"column":12},"end":{"line":319,"column":74}},"132":{"start":{"line":321,"column":12},"end":{"line":321,"column":68}},"133":{"start":{"line":323,"column":12},"end":{"line":323,"column":88}},"134":{"start":{"line":325,"column":12},"end":{"line":325,"column":65}},"135":{"start":{"line":327,"column":12},"end":{"line":327,"column":73}},"136":{"start":{"line":329,"column":15},"end":{"line":344,"column":9}},"137":{"start":{"line":333,"column":10},"end":{"line":333,"column":79}},"138":{"start":{"line":334,"column":10},"end":{"line":334,"column":84}},"139":{"start":{"line":336,"column":10},"end":{"line":336,"column":46}},"140":{"start":{"line":337,"column":10},"end":{"line":337,"column":63}},"141":{"start":{"line":339,"column":10},"end":{"line":339,"column":71}},"142":{"start":{"line":341,"column":10},"end":{"line":341,"column":66}},"143":{"start":{"line":343,"column":10},"end":{"line":343,"column":71}},"144":{"start":{"line":346,"column":8},"end":{"line":348,"column":10}},"145":{"start":{"line":351,"column":8},"end":{"line":412,"column":9}},"146":{"start":{"line":352,"column":10},"end":{"line":411,"column":11}},"147":{"start":{"line":353,"column":32},"end":{"line":353,"column":57}},"148":{"start":{"line":354,"column":12},"end":{"line":354,"column":71}},"149":{"start":{"line":356,"column":12},"end":{"line":410,"column":13}},"150":{"start":{"line":357,"column":14},"end":{"line":407,"column":15}},"151":{"start":{"line":358,"column":16},"end":{"line":358,"column":47}},"152":{"start":{"line":359,"column":16},"end":{"line":406,"column":17}},"153":{"start":{"line":361,"column":35},"end":{"line":361,"column":84}},"154":{"start":{"line":362,"column":20},"end":{"line":362,"column":97}},"155":{"start":{"line":365,"column":20},"end":{"line":376,"column":21}},"156":{"start":{"line":369,"column":22},"end":{"line":369,"column":69}},"157":{"start":{"line":370,"column":22},"end":{"line":370,"column":93}},"158":{"start":{"line":371,"column":22},"end":{"line":371,"column":78}},"159":{"start":{"line":373,"column":22},"end":{"line":373,"column":91}},"160":{"start":{"line":375,"column":22},"end":{"line":375,"column":69}},"161":{"start":{"line":377,"column":20},"end":{"line":377,"column":26}},"162":{"start":{"line":380,"column":20},"end":{"line":387,"column":21}},"163":{"start":{"line":381,"column":22},"end":{"line":384,"column":24}},"164":{"start":{"line":386,"column":22},"end":{"line":386,"column":93}},"165":{"start":{"line":388,"column":20},"end":{"line":388,"column":26}},"166":{"start":{"line":391,"column":20},"end":{"line":393,"column":62}},"167":{"start":{"line":394,"column":20},"end":{"line":394,"column":76}},"168":{"start":{"line":395,"column":20},"end":{"line":395,"column":89}},"169":{"start":{"line":396,"column":20},"end":{"line":396,"column":26}},"170":{"start":{"line":399,"column":20},"end":{"line":401,"column":63}},"171":{"start":{"line":402,"column":20},"end":{"line":402,"column":76}},"172":{"start":{"line":403,"column":20},"end":{"line":403,"column":89}},"173":{"start":{"line":404,"column":20},"end":{"line":404,"column":26}},"174":{"start":{"line":409,"column":14},"end":{"line":409,"column":75}},"175":{"start":{"line":422,"column":25},"end":{"line":422,"column":78}},"176":{"start":{"line":423,"column":6},"end":{"line":428,"column":8}},"177":{"start":{"line":431,"column":23},"end":{"line":431,"column":76}},"178":{"start":{"line":432,"column":6},"end":{"line":432,"column":70}},"179":{"start":{"line":434,"column":28},"end":{"line":434,"column":64}},"180":{"start":{"line":435,"column":22},"end":{"line":435,"column":42}},"181":{"start":{"line":437,"column":6},"end":{"line":443,"column":7}},"182":{"start":{"line":438,"column":8},"end":{"line":442,"column":9}},"183":{"start":{"line":439,"column":10},"end":{"line":441,"column":11}},"184":{"start":{"line":440,"column":12},"end":{"line":440,"column":72}},"185":{"start":{"line":445,"column":6},"end":{"line":445,"column":54}},"186":{"start":{"line":447,"column":18},"end":{"line":447,"column":43}},"187":{"start":{"line":448,"column":6},"end":{"line":448,"column":48}},"188":{"start":{"line":450,"column":6},"end":{"line":512,"column":9}},"189":{"start":{"line":451,"column":8},"end":{"line":511,"column":11}},"190":{"start":{"line":452,"column":10},"end":{"line":452,"column":48}},"191":{"start":{"line":454,"column":10},"end":{"line":465,"column":11}},"192":{"start":{"line":455,"column":26},"end":{"line":458,"column":13}},"193":{"start":{"line":459,"column":12},"end":{"line":464,"column":14}},"194":{"start":{"line":467,"column":10},"end":{"line":510,"column":11}},"195":{"start":{"line":468,"column":12},"end":{"line":474,"column":14}},"196":{"start":{"line":476,"column":28},"end":{"line":476,"column":39}},"197":{"start":{"line":477,"column":12},"end":{"line":477,"column":76}},"198":{"start":{"line":478,"column":23},"end":{"line":478,"column":25}},"199":{"start":{"line":480,"column":14},"end":{"line":480,"column":99}},"200":{"start":{"line":483,"column":12},"end":{"line":485,"column":13}},"201":{"start":{"line":484,"column":14},"end":{"line":484,"column":36}},"202":{"start":{"line":487,"column":12},"end":{"line":487,"column":56}},"203":{"start":{"line":488,"column":12},"end":{"line":488,"column":55}},"204":{"start":{"line":491,"column":14},"end":{"line":496,"column":72}},"205":{"start":{"line":498,"column":12},"end":{"line":498,"column":68}},"206":{"start":{"line":500,"column":12},"end":{"line":500,"column":47}},"207":{"start":{"line":501,"column":12},"end":{"line":501,"column":81}},"208":{"start":{"line":502,"column":12},"end":{"line":502,"column":66}},"209":{"start":{"line":504,"column":12},"end":{"line":509,"column":14}}},"fnMap":{"0":{"name":"zeroOutLocation","decl":{"start":{"line":34,"column":9},"end":{"line":34,"column":24}},"loc":{"start":{"line":34,"column":43},"end":{"line":82,"column":1}},"line":34},"1":{"name":"confirmSlotManual","decl":{"start":{"line":93,"column":9},"end":{"line":93,"column":26}},"loc":{"start":{"line":93,"column":68},"end":{"line":105,"column":1}},"line":93},"2":{"name":"nextSlotDelegate","decl":{"start":{"line":116,"column":9},"end":{"line":116,"column":25}},"loc":{"start":{"line":116,"column":61},"end":{"line":124,"column":1}},"line":116},"3":{"name":"getSearchData","decl":{"start":{"line":133,"column":9},"end":{"line":133,"column":22}},"loc":{"start":{"line":133,"column":36},"end":{"line":210,"column":1}},"line":133},"4":{"name":"(anonymous_4)","decl":{"start":{"line":450,"column":25},"end":{"line":450,"column":26}},"loc":{"start":{"line":450,"column":36},"end":{"line":512,"column":7}},"line":450},"5":{"name":"(anonymous_5)","decl":{"start":{"line":451,"column":32},"end":{"line":451,"column":33}},"loc":{"start":{"line":451,"column":48},"end":{"line":511,"column":9}},"line":451}},"branchMap":{"0":{"loc":{"start":{"line":36,"column":2},"end":{"line":76,"column":3}},"type":"switch","locations":[{"start":{"line":37,"column":4},"end":{"line":46,"column":5}},{"start":{"line":47,"column":4},"end":{"line":56,"column":5}},{"start":{"line":57,"column":4},"end":{"line":64,"column":5}},{"start":{"line":65,"column":4},"end":{"line":75,"column":5}}],"line":36},"1":{"loc":{"start":{"line":57,"column":9},"end":{"line":57,"column":37}},"type":"binary-expr","locations":[{"start":{"line":57,"column":9},"end":{"line":57,"column":23}},{"start":{"line":57,"column":27},"end":{"line":57,"column":37}}],"line":57},"2":{"loc":{"start":{"line":138,"column":2},"end":{"line":148,"column":3}},"type":"if","locations":[{"start":{"line":138,"column":2},"end":{"line":148,"column":3}},{"start":{"line":138,"column":2},"end":{"line":148,"column":3}}],"line":138},"3":{"loc":{"start":{"line":142,"column":9},"end":{"line":148,"column":3}},"type":"if","locations":[{"start":{"line":142,"column":9},"end":{"line":148,"column":3}},{"start":{"line":142,"column":9},"end":{"line":148,"column":3}}],"line":142},"4":{"loc":{"start":{"line":144,"column":9},"end":{"line":148,"column":3}},"type":"if","locations":[{"start":{"line":144,"column":9},"end":{"line":148,"column":3}},{"start":{"line":144,"column":9},"end":{"line":148,"column":3}}],"line":144},"5":{"loc":{"start":{"line":151,"column":2},"end":{"line":155,"column":3}},"type":"if","locations":[{"start":{"line":151,"column":2},"end":{"line":155,"column":3}},{"start":{"line":151,"column":2},"end":{"line":155,"column":3}}],"line":151},"6":{"loc":{"start":{"line":153,"column":9},"end":{"line":155,"column":3}},"type":"if","locations":[{"start":{"line":153,"column":9},"end":{"line":155,"column":3}},{"start":{"line":153,"column":9},"end":{"line":155,"column":3}}],"line":153},"7":{"loc":{"start":{"line":158,"column":2},"end":{"line":164,"column":3}},"type":"if","locations":[{"start":{"line":158,"column":2},"end":{"line":164,"column":3}},{"start":{"line":158,"column":2},"end":{"line":164,"column":3}}],"line":158},"8":{"loc":{"start":{"line":160,"column":9},"end":{"line":164,"column":3}},"type":"if","locations":[{"start":{"line":160,"column":9},"end":{"line":164,"column":3}},{"start":{"line":160,"column":9},"end":{"line":164,"column":3}}],"line":160},"9":{"loc":{"start":{"line":162,"column":9},"end":{"line":164,"column":3}},"type":"if","locations":[{"start":{"line":162,"column":9},"end":{"line":164,"column":3}},{"start":{"line":162,"column":9},"end":{"line":164,"column":3}}],"line":162},"10":{"loc":{"start":{"line":167,"column":2},"end":{"line":175,"column":3}},"type":"if","locations":[{"start":{"line":167,"column":2},"end":{"line":175,"column":3}},{"start":{"line":167,"column":2},"end":{"line":175,"column":3}}],"line":167},"11":{"loc":{"start":{"line":168,"column":4},"end":{"line":174,"column":5}},"type":"if","locations":[{"start":{"line":168,"column":4},"end":{"line":174,"column":5}},{"start":{"line":168,"column":4},"end":{"line":174,"column":5}}],"line":168},"12":{"loc":{"start":{"line":170,"column":11},"end":{"line":174,"column":5}},"type":"if","locations":[{"start":{"line":170,"column":11},"end":{"line":174,"column":5}},{"start":{"line":170,"column":11},"end":{"line":174,"column":5}}],"line":170},"13":{"loc":{"start":{"line":178,"column":2},"end":{"line":182,"column":3}},"type":"if","locations":[{"start":{"line":178,"column":2},"end":{"line":182,"column":3}},{"start":{"line":178,"column":2},"end":{"line":182,"column":3}}],"line":178},"14":{"loc":{"start":{"line":185,"column":2},"end":{"line":192,"column":3}},"type":"if","locations":[{"start":{"line":185,"column":2},"end":{"line":192,"column":3}},{"start":{"line":185,"column":2},"end":{"line":192,"column":3}}],"line":185},"15":{"loc":{"start":{"line":189,"column":9},"end":{"line":192,"column":3}},"type":"if","locations":[{"start":{"line":189,"column":9},"end":{"line":192,"column":3}},{"start":{"line":189,"column":9},"end":{"line":192,"column":3}}],"line":189},"16":{"loc":{"start":{"line":195,"column":2},"end":{"line":202,"column":3}},"type":"if","locations":[{"start":{"line":195,"column":2},"end":{"line":202,"column":3}},{"start":{"line":195,"column":2},"end":{"line":202,"column":3}}],"line":195},"17":{"loc":{"start":{"line":196,"column":4},"end":{"line":197,"column":41}},"type":"binary-expr","locations":[{"start":{"line":196,"column":4},"end":{"line":196,"column":64}},{"start":{"line":197,"column":4},"end":{"line":197,"column":41}}],"line":196},"18":{"loc":{"start":{"line":221,"column":8},"end":{"line":223,"column":72}},"type":"binary-expr","locations":[{"start":{"line":221,"column":8},"end":{"line":221,"column":69}},{"start":{"line":222,"column":8},"end":{"line":222,"column":81}},{"start":{"line":223,"column":8},"end":{"line":223,"column":72}}],"line":221},"19":{"loc":{"start":{"line":235,"column":6},"end":{"line":254,"column":7}},"type":"if","locations":[{"start":{"line":235,"column":6},"end":{"line":254,"column":7}},{"start":{"line":235,"column":6},"end":{"line":254,"column":7}}],"line":235},"20":{"loc":{"start":{"line":238,"column":8},"end":{"line":240,"column":9}},"type":"if","locations":[{"start":{"line":238,"column":8},"end":{"line":240,"column":9}},{"start":{"line":238,"column":8},"end":{"line":240,"column":9}}],"line":238},"21":{"loc":{"start":{"line":242,"column":8},"end":{"line":249,"column":9}},"type":"if","locations":[{"start":{"line":242,"column":8},"end":{"line":249,"column":9}},{"start":{"line":242,"column":8},"end":{"line":249,"column":9}}],"line":242},"22":{"loc":{"start":{"line":258,"column":6},"end":{"line":267,"column":7}},"type":"if","locations":[{"start":{"line":258,"column":6},"end":{"line":267,"column":7}},{"start":{"line":258,"column":6},"end":{"line":267,"column":7}}],"line":258},"23":{"loc":{"start":{"line":259,"column":8},"end":{"line":261,"column":40}},"type":"binary-expr","locations":[{"start":{"line":259,"column":8},"end":{"line":259,"column":34}},{"start":{"line":260,"column":8},"end":{"line":260,"column":42}},{"start":{"line":261,"column":8},"end":{"line":261,"column":40}}],"line":259},"24":{"loc":{"start":{"line":269,"column":6},"end":{"line":273,"column":7}},"type":"if","locations":[{"start":{"line":269,"column":6},"end":{"line":273,"column":7}},{"start":{"line":269,"column":6},"end":{"line":273,"column":7}}],"line":269},"25":{"loc":{"start":{"line":277,"column":6},"end":{"line":279,"column":7}},"type":"if","locations":[{"start":{"line":277,"column":6},"end":{"line":279,"column":7}},{"start":{"line":277,"column":6},"end":{"line":279,"column":7}}],"line":277},"26":{"loc":{"start":{"line":281,"column":6},"end":{"line":288,"column":7}},"type":"if","locations":[{"start":{"line":281,"column":6},"end":{"line":288,"column":7}},{"start":{"line":281,"column":6},"end":{"line":288,"column":7}}],"line":281},"27":{"loc":{"start":{"line":283,"column":13},"end":{"line":288,"column":7}},"type":"if","locations":[{"start":{"line":283,"column":13},"end":{"line":288,"column":7}},{"start":{"line":283,"column":13},"end":{"line":288,"column":7}}],"line":283},"28":{"loc":{"start":{"line":291,"column":6},"end":{"line":413,"column":7}},"type":"if","locations":[{"start":{"line":291,"column":6},"end":{"line":413,"column":7}},{"start":{"line":291,"column":6},"end":{"line":413,"column":7}}],"line":291},"29":{"loc":{"start":{"line":292,"column":8},"end":{"line":293,"column":36}},"type":"binary-expr","locations":[{"start":{"line":292,"column":8},"end":{"line":292,"column":78}},{"start":{"line":293,"column":8},"end":{"line":293,"column":36}}],"line":292},"30":{"loc":{"start":{"line":298,"column":8},"end":{"line":344,"column":9}},"type":"if","locations":[{"start":{"line":298,"column":8},"end":{"line":344,"column":9}},{"start":{"line":298,"column":8},"end":{"line":344,"column":9}}],"line":298},"31":{"loc":{"start":{"line":299,"column":10},"end":{"line":300,"column":89}},"type":"binary-expr","locations":[{"start":{"line":299,"column":10},"end":{"line":299,"column":78}},{"start":{"line":300,"column":11},"end":{"line":300,"column":48}},{"start":{"line":300,"column":52},"end":{"line":300,"column":88}}],"line":299},"32":{"loc":{"start":{"line":302,"column":10},"end":{"line":311,"column":11}},"type":"if","locations":[{"start":{"line":302,"column":10},"end":{"line":311,"column":11}},{"start":{"line":302,"column":10},"end":{"line":311,"column":11}}],"line":302},"33":{"loc":{"start":{"line":307,"column":17},"end":{"line":311,"column":11}},"type":"if","locations":[{"start":{"line":307,"column":17},"end":{"line":311,"column":11}},{"start":{"line":307,"column":17},"end":{"line":311,"column":11}}],"line":307},"34":{"loc":{"start":{"line":315,"column":10},"end":{"line":328,"column":11}},"type":"if","locations":[{"start":{"line":315,"column":10},"end":{"line":328,"column":11}},{"start":{"line":315,"column":10},"end":{"line":328,"column":11}}],"line":315},"35":{"loc":{"start":{"line":329,"column":15},"end":{"line":344,"column":9}},"type":"if","locations":[{"start":{"line":329,"column":15},"end":{"line":344,"column":9}},{"start":{"line":329,"column":15},"end":{"line":344,"column":9}}],"line":329},"36":{"loc":{"start":{"line":330,"column":10},"end":{"line":331,"column":37}},"type":"binary-expr","locations":[{"start":{"line":330,"column":10},"end":{"line":330,"column":75}},{"start":{"line":331,"column":10},"end":{"line":331,"column":37}}],"line":330},"37":{"loc":{"start":{"line":352,"column":10},"end":{"line":411,"column":11}},"type":"if","locations":[{"start":{"line":352,"column":10},"end":{"line":411,"column":11}},{"start":{"line":352,"column":10},"end":{"line":411,"column":11}}],"line":352},"38":{"loc":{"start":{"line":356,"column":12},"end":{"line":410,"column":13}},"type":"if","locations":[{"start":{"line":356,"column":12},"end":{"line":410,"column":13}},{"start":{"line":356,"column":12},"end":{"line":410,"column":13}}],"line":356},"39":{"loc":{"start":{"line":357,"column":14},"end":{"line":407,"column":15}},"type":"if","locations":[{"start":{"line":357,"column":14},"end":{"line":407,"column":15}},{"start":{"line":357,"column":14},"end":{"line":407,"column":15}}],"line":357},"40":{"loc":{"start":{"line":359,"column":16},"end":{"line":406,"column":17}},"type":"switch","locations":[{"start":{"line":360,"column":18},"end":{"line":378,"column":19}},{"start":{"line":379,"column":18},"end":{"line":389,"column":19}},{"start":{"line":390,"column":18},"end":{"line":397,"column":19}},{"start":{"line":398,"column":18},"end":{"line":405,"column":19}}],"line":359},"41":{"loc":{"start":{"line":365,"column":20},"end":{"line":376,"column":21}},"type":"if","locations":[{"start":{"line":365,"column":20},"end":{"line":376,"column":21}},{"start":{"line":365,"column":20},"end":{"line":376,"column":21}}],"line":365},"42":{"loc":{"start":{"line":366,"column":22},"end":{"line":367,"column":59}},"type":"binary-expr","locations":[{"start":{"line":366,"column":22},"end":{"line":366,"column":61}},{"start":{"line":367,"column":22},"end":{"line":367,"column":59}}],"line":366},"43":{"loc":{"start":{"line":380,"column":20},"end":{"line":387,"column":21}},"type":"if","locations":[{"start":{"line":380,"column":20},"end":{"line":387,"column":21}},{"start":{"line":380,"column":20},"end":{"line":387,"column":21}}],"line":380},"44":{"loc":{"start":{"line":424,"column":8},"end":{"line":427,"column":72}},"type":"binary-expr","locations":[{"start":{"line":424,"column":8},"end":{"line":424,"column":69}},{"start":{"line":425,"column":9},"end":{"line":425,"column":82}},{"start":{"line":426,"column":10},"end":{"line":426,"column":72}},{"start":{"line":427,"column":8},"end":{"line":427,"column":72}}],"line":424},"45":{"loc":{"start":{"line":438,"column":8},"end":{"line":442,"column":9}},"type":"if","locations":[{"start":{"line":438,"column":8},"end":{"line":442,"column":9}},{"start":{"line":438,"column":8},"end":{"line":442,"column":9}}],"line":438},"46":{"loc":{"start":{"line":439,"column":10},"end":{"line":441,"column":11}},"type":"if","locations":[{"start":{"line":439,"column":10},"end":{"line":441,"column":11}},{"start":{"line":439,"column":10},"end":{"line":441,"column":11}}],"line":439},"47":{"loc":{"start":{"line":454,"column":10},"end":{"line":465,"column":11}},"type":"if","locations":[{"start":{"line":454,"column":10},"end":{"line":465,"column":11}},{"start":{"line":454,"column":10},"end":{"line":465,"column":11}}],"line":454},"48":{"loc":{"start":{"line":467,"column":10},"end":{"line":510,"column":11}},"type":"if","locations":[{"start":{"line":467,"column":10},"end":{"line":510,"column":11}},{"start":{"line":467,"column":10},"end":{"line":510,"column":11}}],"line":467},"49":{"loc":{"start":{"line":467,"column":14},"end":{"line":467,"column":60}},"type":"binary-expr","locations":[{"start":{"line":467,"column":14},"end":{"line":467,"column":18}},{"start":{"line":467,"column":22},"end":{"line":467,"column":34}},{"start":{"line":467,"column":38},"end":{"line":467,"column":60}}],"line":467},"50":{"loc":{"start":{"line":480,"column":14},"end":{"line":480,"column":99}},"type":"cond-expr","locations":[{"start":{"line":480,"column":56},"end":{"line":480,"column":74}},{"start":{"line":480,"column":77},"end":{"line":480,"column":99}}],"line":480},"51":{"loc":{"start":{"line":491,"column":14},"end":{"line":496,"column":72}},"type":"cond-expr","locations":[{"start":{"line":492,"column":18},"end":{"line":495,"column":66}},{"start":{"line":496,"column":18},"end":{"line":496,"column":72}}],"line":491}},"s":{"0":1,"1":1,"2":1,"3":1,"4":1,"5":1,"6":1,"7":1,"8":1,"9":1,"10":1,"11":1,"12":1,"13":0,"14":0,"15":0,"16":0,"17":0,"18":0,"19":0,"20":0,"21":0,"22":0,"23":0,"24":0,"25":0,"26":0,"27":0,"28":0,"29":0,"30":0,"31":0,"32":0,"33":0,"34":0,"35":0,"36":1,"37":1,"38":0,"39":0,"40":0,"41":0,"42":0,"43":1,"44":1,"45":1,"46":1,"47":1,"48":1,"49":1,"50":1,"51":0,"52":1,"53":1,"54":0,"55":0,"56":1,"57":0,"58":1,"59":1,"60":1,"61":0,"62":1,"63":0,"64":1,"65":1,"66":1,"67":0,"68":0,"69":0,"70":0,"71":0,"72":1,"73":1,"74":0,"75":1,"76":0,"77":1,"78":0,"79":1,"80":0,"81":1,"82":1,"83":1,"84":1,"85":3,"86":1,"87":1,"88":1,"89":1,"90":0,"91":0,"92":0,"93":0,"94":0,"95":0,"96":0,"97":0,"98":0,"99":1,"100":1,"101":1,"102":0,"103":1,"104":1,"105":1,"106":0,"107":1,"108":1,"109":1,"110":0,"111":1,"112":0,"113":1,"114":0,"115":1,"116":1,"117":1,"118":0,"119":0,"120":0,"121":0,"122":0,"123":0,"124":0,"125":0,"126":0,"127":0,"128":0,"129":0,"130":0,"131":0,"132":0,"133":0,"134":0,"135":0,"136":0,"137":0,"138":0,"139":0,"140":0,"141":0,"142":0,"143":0,"144":1,"145":1,"146":1,"147":1,"148":1,"149":1,"150":1,"151":1,"152":1,"153":1,"154":1,"155":1,"156":0,"157":0,"158":0,"159":0,"160":1,"161":1,"162":0,"163":0,"164":0,"165":0,"166":0,"167":0,"168":0,"169":0,"170":0,"171":0,"172":0,"173":0,"174":1,"175":2,"176":2,"177":1,"178":1,"179":1,"180":1,"181":1,"182":11,"183":11,"184":2,"185":1,"186":1,"187":1,"188":1,"189":1,"190":1,"191":1,"192":0,"193":0,"194":1,"195":0,"196":1,"197":1,"198":1,"199":1,"200":1,"201":9,"202":1,"203":1,"204":1,"205":1,"206":1,"207":1,"208":1,"209":1},"f":{"0":1,"1":0,"2":1,"3":1,"4":1,"5":1},"b":{"0":[1,0,0,0],"1":[0,0],"2":[0,1],"3":[1,0],"4":[0,0],"5":[0,1],"6":[1,0],"7":[0,1],"8":[0,1],"9":[1,0],"10":[0,1],"11":[0,0],"12":[0,0],"13":[1,0],"14":[0,1],"15":[0,1],"16":[0,1],"17":[1,1],"18":[3,2,2],"19":[0,1],"20":[0,0],"21":[0,0],"22":[0,1],"23":[1,0,0],"24":[0,1],"25":[0,1],"26":[0,1],"27":[0,1],"28":[0,1],"29":[1,0],"30":[0,0],"31":[0,0,0],"32":[0,0],"33":[0,0],"34":[0,0],"35":[0,0],"36":[0,0],"37":[1,0],"38":[1,0],"39":[1,0],"40":[1,0,0,0],"41":[0,1],"42":[1,0],"43":[0,0],"44":[2,1,0,1],"45":[11,0],"46":[2,9],"47":[0,1],"48":[0,1],"49":[1,1,1],"50":[1,0],"51":[1,0]},"_coverageSchema":"332fd63041d2c1bcb487cc26dd0d5f7d97098a6c","hash":"7cf3489b16ec10ec14731d7db6ea8697732bdfe1"}
[...]
column":6},"end":{"line":587,"column":8}},"203":{"start":{"line":590,"column":23},"end":{"line":590,"column":76}},"204":{"start":{"line":591,"column":6},"end":{"line":591,"column":71}},"205":{"start":{"line":595,"column":6},"end":{"line":599,"column":7}},"206":{"start":{"line":596,"column":8},"end":{"line":596,"column":45}},"207":{"start":{"line":598,"column":8},"end":{"line":598,"column":55}},"208":{"start":{"line":601,"column":6},"end":{"line":605,"column":8}}},"fnMap":{"0":{"name":"notFound","decl":{"start":{"line":31,"column":9},"end":{"line":31,"column":17}},"loc":{"start":{"line":31,"column":45},"end":{"line":38,"column":1}},"line":31},"1":{"name":"pageResults","decl":{"start":{"line":47,"column":9},"end":{"line":47,"column":20}},"loc":{"start":{"line":47,"column":48},"end":{"line":114,"column":1}},"line":47},"2":{"name":"removeSchool","decl":{"start":{"line":122,"column":9},"end":{"line":122,"column":21}},"loc":{"start":{"line":122,"column":38},"end":{"line":135,"column":1}},"line":122},"3":{"name":"(anonymous_3)","decl":{"start":{"line":125,"column":36},"end":{"line":125,"column":37}},"loc":{"start":{"line":125,"column":45},"end":{"line":128,"column":3}},"line":125},"4":{"name":"(anonymous_4)","decl":{"start":{"line":409,"column":37},"end":{"line":409,"column":38}},"loc":{"start":{"line":409,"column":47},"end":{"line":411,"column":7}},"line":409},"5":{"name":"(anonymous_5)","decl":{"start":{"line":431,"column":31},"end":{"line":431,"column":32}},"loc":{"start":{"line":431,"column":43},"end":{"line":433,"column":9}},"line":431},"6":{"name":"(anonymous_6)","decl":{"start":{"line":518,"column":46},"end":{"line":518,"column":47}},"loc":{"start":{"line":518,"column":55},"end":{"line":521,"column":13}},"line":518}},"branchMap":{"0":{"loc":{"start":{"line":56,"column":2},"end":{"line":68,"column":3}},"type":"if","locations":[{"start":{"line":56,"column":2},"end":{"line":68,"column":3}},{"start":{"line":56,"column":2},"end":{"line":68,"column":3}}],"line":56},"1":{"loc":{"start":{"line":71,"column":2},"end":{"line":78,"column":3}},"type":"if","locations":[{"start":{"line":71,"column":2},"end":{"line":78,"column":3}},{"start":{"line":71,"column":2},"end":{"line":78,"column":3}}],"line":71},"2":{"loc":{"start":{"line":81,"column":4},"end":{"line":83,"column":45}},"type":"cond-expr","locations":[{"start":{"line":82,"column":8},"end":{"line":82,"column":48}},{"start":{"line":83,"column":8},"end":{"line":83,"column":45}}],"line":81},"3":{"loc":{"start":{"line":98,"column":2},"end":{"line":102,"column":3}},"type":"if","locations":[{"start":{"line":98,"column":2},"end":{"line":102,"column":3}},{"start":{"line":98,"column":2},"end":{"line":102,"column":3}}],"line":98},"4":{"loc":{"start":{"line":107,"column":2},"end":{"line":111,"column":3}},"type":"if","locations":[{"start":{"line":107,"column":2},"end":{"line":111,"column":3}},{"start":{"line":107,"column":2},"end":{"line":111,"column":3}}],"line":107},"5":{"loc":{"start":{"line":130,"column":2},"end":{"line":132,"column":3}},"type":"if","locations":[{"start":{"line":130,"column":2},"end":{"line":132,"column":3}},{"start":{"line":130,"column":2},"end":{"line":132,"column":3}}],"line":130},"6":{"loc":{"start":{"line":130,"column":6},"end":{"line":130,"column":38}},"type":"binary-expr","locations":[{"start":{"line":130,"column":6},"end":{"line":130,"column":13}},{"start":{"line":130,"column":17},"end":{"line":130,"column":38}}],"line":130},"7":{"loc":{"start":{"line":146,"column":8},"end":{"line":148,"column":85}},"type":"binary-expr","locations":[{"start":{"line":146,"column":8},"end":{"line":146,"column":69}},{"start":{"line":147,"column":9},"end":{"line":147,"column":81}},{"start":{"line":148,"column":10},"end":{"line":148,"column":84}}],"line":146},"8":{"loc":{"start":{"line":161,"column":6},"end":{"line":176,"column":7}},"type":"if","locations":[{"start":{"line":161,"column":6},"end":{"line":176,"column":7}},{"start":{"line":161,"column":6},"end":{"line":176,"column":7}}],"line":161},"9":{"loc":{"start":{"line":162,"column":18},"end":{"line":162,"column":92}},"type":"cond-expr","locations":[{"start":{"line":162,"column":61},"end":{"line":162,"column":63}},{"start":{"line":162,"column":66},"end":{"line":162,"column":92}}],"line":162},"10":{"loc":{"start":{"line":169,"column":10},"end":{"line":171,"column":50}},"type":"cond-expr","locations":[{"start":{"line":170,"column":14},"end":{"line":170,"column":16}},{"start":{"line":171,"column":14},"end":{"line":171,"column":50}}],"line":169},"11":{"loc":{"start":{"line":179,"column":6},"end":{"line":200,"column":7}},"type":"if","locations":[{"start":{"line":179,"column":6},"end":{"line":200,"column":7}},{"start":{"line":179,"column":6},"end":{"line":200,"column":7}}],"line":179},"12":{"loc":{"start":{"line":179,"column":10},"end":{"line":179,"column":53}},"type":"binary-expr","locations":[{"start":{"line":179,"column":10},"end":{"line":179,"column":31}},{"start":{"line":179,"column":35},"end":{"line":179,"column":53}}],"line":179},"13":{"loc":{"start":{"line":187,"column":16},"end":{"line":187,"column":61}},"type":"cond-expr","locations":[{"start":{"line":187,"column":39},"end":{"line":187,"column":53}},{"start":{"line":187,"column":56},"end":{"line":187,"column":61}}],"line":187},"14":{"loc":{"start":{"line":191,"column":8},"end":{"line":197,"column":9}},"type":"if","locations":[{"start":{"line":191,"column":8},"end":{"line":197,"column":9}},{"start":{"line":191,"column":8},"end":{"line":197,"column":9}}],"line":191},"15":{"loc":{"start":{"line":213,"column":8},"end":{"line":217,"column":69}},"type":"binary-expr","locations":[{"start":{"line":213,"column":8},"end":{"line":213,"column":69}},{"start":{"line":214,"column":8},"end":{"line":214,"column":84}},{"start":{"line":215,"column":9},"end":{"line":215,"column":70}},{"start":{"line":216,"column":10},"end":{"line":216,"column":75}},{"start":{"line":217,"column":10},"end":{"line":217,"column":68}}],"line":213},"16":{"loc":{"start":{"line":227,"column":6},"end":{"line":236,"column":7}},"type":"if","locations":[{"start":{"line":227,"column":6},"end":{"line":236,"column":7}},{"start":{"line":227,"column":6},"end":{"line":236,"column":7}}],"line":227},"17":{"loc":{"start":{"line":230,"column":13},"end":{"line":236,"column":7}},"type":"if","locations":[{"start":{"line":230,"column":13},"end":{"line":236,"column":7}},{"start":{"line":230,"column":13},"end":{"line":236,"column":7}}],"line":230},"18":{"loc":{"start":{"line":239,"column":6},"end":{"line":260,"column":7}},"type":"if","locations":[{"start":{"line":239,"column":6},"end":{"line":260,"column":7}},{"start":{"line":239,"column":6},"end":{"line":260,"column":7}}],"line":239},"19":{"loc":{"start":{"line":240,"column":8},"end":{"line":242,"column":72}},"type":"binary-expr","locations":[{"start":{"line":240,"column":8},"end":{"line":240,"column":16}},{"start":{"line":241,"column":8},"end":{"line":241,"column":71}},{"start":{"line":242,"column":8},"end":{"line":242,"column":72}}],"line":240},"20":{"loc":{"start":{"line":253,"column":13},"end":{"line":260,"column":7}},"type":"if","locations":[{"start":{"line":253,"column":13},"end":{"line":260,"column":7}},{"start":{"line":253,"column":13},"end":{"line":260,"column":7}}],"line":253},"21":{"loc":{"start":{"line":276,"column":8},"end":{"line":280,"column":69}},"type":"binary-expr","locations":[{"start":{"line":276,"column":8},"end":{"line":276,"column":69}},{"start":{"line":277,"column":9},"end":{"line":277,"column":81}},{"start":{"line":278,"column":10},"end":{"line":278,"column":82}},{"start":{"line":279,"column":9},"end":{"line":279,"column":70}},{"start":{"line":280,"column":10},"end":{"line":280,"column":68}}],"line":276},"22":{"loc":{"start":{"line":287,"column":6},"end":{"line":291,"column":7}},"type":"if","locations":[{"start":{"line":287,"column":6},"end":{"line":291,"column":7}},{"start":{"line":287,"column":6},"end":{"line":291,"column":7}}],"line":287},"23":{"loc":{"start":{"line":306,"column":8},"end":{"line":309,"column":69}},"type":"binary-expr","locations":[{"start":{"line":306,"column":8},"end":{"line":306,"column":69}},{"start":{"line":307,"column":8},"end":{"line":307,"column":79}},{"start":{"line":308,"column":9},"end":{"line":308,"column":70}},{"start":{"line":309,"column":10},"end":{"line":309,"column":68}}],"line":306},"24":{"loc":{"start":{"line":316,"column":6},"end":{"line":320,"column":7}},"type":"if","locations":[{"start":{"line":316,"column":6},"end":{"line":320,"column":7}},{"start":{"line":316,"column":6},"end":{"line":320,"column":7}}],"line":316},"25":{"loc":{"start":{"line":338,"column":8},"end":{"line":342,"column":76}},"type":"binary-expr","locations":[{"start":{"line":338,"column":8},"end":{"line":338,"column":69}},{"start":{"line":339,"column":8},"end":{"line":339,"column":75}},{"start":{"line":340,"column":9},"end":{"line":340,"column":70}},{"start":{"line":341,"column":10},"end":{"line":341,"column":68}},{"start":{"line":342,"column":10},"end":{"line":342,"column":75}}],"line":338},"26":{"loc":{"start":{"line":353,"column":6},"end":{"line":360,"column":7}},"type":"if","locations":[{"start":{"line":353,"column":6},"end":{"line":360,"column":7}},{"start":{"line":353,"column":6},"end":{"line":360,"column":7}}],"line":353},"27":{"loc":{"start":{"line":362,"column":6},"end":{"line":369,"column":7}},"type":"if","locations":[{"start":{"line":362,"column":6},"end":{"line":369,"column":7}},{"start":{"line":362,"column":6},"end":{"line":369,"column":7}}],"line":362},"28":{"loc":{"start":{"line":362,"column":10},"end":{"line":362,"column":53}},"type":"binary-expr","locations":[{"start":{"line":362,"column":10},"end":{"line":362,"column":31}},{"start":{"line":362,"column":35},"end":{"line":362,"column":53}}],"line":362},"29":{"loc":{"start":{"line":371,"column":6},"end":{"line":379,"column":7}},"type":"if","locations":[{"start":{"line":371,"column":6},"end":{"line":379,"column":7}},{"start":{"line":371,"column":6},"end":{"line":379,"column":7}}],"line":371},"30":{"loc":{"start":{"line":371,"column":10},"end":{"line":371,"column":47}},"type":"binary-expr","locations":[{"start":{"line":371,"column":10},"end":{"line":371,"column":20}},{"start":{"line":371,"column":24},"end":{"line":371,"column":47}}],"line":371},"31":{"loc":{"start":{"line":391,"column":8},"end":{"line":392,"column":83}},"type":"binary-expr","locations":[{"start":{"line":391,"column":8},"end":{"line":391,"column":69}},{"start":{"line":392,"column":8},"end":{"line":392,"column":83}}],"line":391},"32":{"loc":{"start":{"line":402,"column":8},"end":{"line":404,"column":14}},"type":"cond-expr","locations":[{"start":{"line":403,"column":12},"end":{"line":403,"column":38}},{"start":{"line":404,"column":12},"end":{"line":404,"column":14}}],"line":402},"33":{"loc":{"start":{"line":402,"column":8},"end":{"line":402,"column":78}},"type":"binary-expr","locations":[{"start":{"line":402,"column":8},"end":{"line":402,"column":34}},{"start":{"line":402,"column":38},"end":{"line":402,"column":78}}],"line":402},"34":{"loc":{"start":{"line":413,"column":6},"end":{"line":426,"column":7}},"type":"if","locations":[{"start":{"line":413,"column":6},"end":{"line":426,"column":7}},{"start":{"line":413,"column":6},"end":{"line":426,"column":7}}],"line":413},"35":{"loc":{"start":{"line":413,"column":10},"end":{"line":413,"column":46}},"type":"binary-expr","locations":[{"start":{"line":413,"column":10},"end":{"line":413,"column":19}},{"start":{"line":413,"column":23},"end":{"line":413,"column":46}}],"line":413},"36":{"loc":{"start":{"line":428,"column":6},"end":{"line":438,"column":7}},"type":"if","locations":[{"start":{"line":428,"column":6},"end":{"line":438,"column":7}},{"start":{"line":428,"column":6},"end":{"line":438,"column":7}}],"line":428},"37":{"loc":{"start":{"line":435,"column":8},"end":{"line":437,"column":9}},"type":"if","locations":[{"start":{"line":435,"column":8},"end":{"line":437,"column":9}},{"start":{"line":435,"column":8},"end":{"line":437,"column":9}}],"line":435},"38":{"loc":{"start":{"line":435,"column":12},"end":{"line":435,"column":38}},"type":"binary-expr","locations":[{"start":{"line":435,"column":12},"end":{"line":435,"column":16}},{"start":{"line":435,"column":20},"end":{"line":435,"column":38}}],"line":435},"39":{"loc":{"start":{"line":440,"column":6},"end":{"line":461,"column":7}},"type":"if","locations":[{"start":{"line":440,"column":6},"end":{"line":461,"column":7}},{"start":{"line":440,"column":6},"end":{"line":461,"column":7}}],"line":440},"40":{"loc":{"start":{"line":441,"column":8},"end":{"line":443,"column":9}},"type":"if","locations":[{"start":{"line":441,"column":8},"end":{"line":443,"column":9}},{"start":{"line":441,"column":8},"end":{"line":443,"column":9}}],"line":441},"41":{"loc":{"start":{"line":471,"column":8},"end":{"line":472,"column":88}},"type":"binary-expr","locations":[{"start":{"line":471,"column":8},"end":{"line":471,"column":69}},{"start":{"line":472,"column":8},"end":{"line":472,"column":88}}],"line":471},"42":{"loc":{"start":{"line":486,"column":6},"end":{"line":573,"column":7}},"type":"if","locations":[{"start":{"line":486,"column":6},"end":{"line":573,"column":7}},{"start":{"line":486,"column":6},"end":{"line":573,"column":7}}],"line":486},"43":{"loc":{"start":{"line":486,"column":10},"end":{"line":486,"column":91}},"type":"binary-expr","locations":[{"start":{"line":486,"column":10},"end":{"line":486,"column":50}},{"start":{"line":486,"column":54},"end":{"line":486,"column":91}}],"line":486},"44":{"loc":{"start":{"line":492,"column":8},"end":{"line":533,"column":9}},"type":"if","locations":[{"start":{"line":492,"column":8},"end":{"line":533,"column":9}},{"start":{"line":492,"column":8},"end":{"line":533,"column":9}}],"line":492},"45":{"loc":{"start":{"line":493,"column":10},"end":{"line":496,"column":71}},"type":"binary-expr","locations":[{"start":{"line":493,"column":10},"end":{"line":493,"column":20}},{"start":{"line":494,"column":10},"end":{"line":494,"column":26}},{"start":{"line":495,"column":12},"end":{"line":495,"column":35}},{"start":{"line":495,"column":39},"end":{"line":495,"column":68}},{"start":{"line":496,"column":13},"end":{"line":496,"column":36}},{"start":{"line":496,"column":40},"end":{"line":496,"column":69}}],"line":493},"46":{"loc":{"start":{"line":498,"column":10},"end":{"line":506,"column":11}},"type":"if","locations":[{"start":{"line":498,"column":10},"end":{"line":506,"column":11}},{"start":{"line":498,"column":10},"end":{"line":506,"column":11}}],"line":498},"47":{"loc":{"start":{"line":500,"column":17},"end":{"line":506,"column":11}},"type":"if","locations":[{"start":{"line":500,"column":17},"end":{"line":506,"column":11}},{"start":{"line":500,"column":17},"end":{"line":506,"column":11}}],"line":500},"48":{"loc":{"start":{"line":508,"column":10},"end":{"line":532,"column":11}},"type":"if","locations":[{"start":{"line":508,"column":10},"end":{"line":532,"column":11}},{"start":{"line":508,"column":10},"end":{"line":532,"column":11}}],"line":508},"49":{"loc":{"start":{"line":508,"column":14},"end":{"line":508,"column":74}},"type":"binary-expr","locations":[{"start":{"line":508,"column":14},"end":{"line":508,"column":39}},{"start":{"line":508,"column":43},"end":{"line":508,"column":74}}],"line":508},"50":{"loc":{"start":{"line":512,"column":12},"end":{"line":514,"column":13}},"type":"if","locations":[{"start":{"line":512,"column":12},"end":{"line":514,"column":13}},{"start":{"line":512,"column":12},"end":{"line":514,"column":13}}],"line":512},"51":{"loc":{"start":{"line":512,"column":16},"end":{"line":512,"column":53}},"type":"binary-expr","locations":[{"start":{"line":512,"column":16},"end":{"line":512,"column":26}},{"start":{"line":512,"column":30},"end":{"line":512,"column":53}}],"line":512},"52":{"loc":{"start":{"line":517,"column":17},"end":{"line":532,"column":11}},"type":"if","locations":[{"start":{"line":517,"column":17},"end":{"line":532,"column":11}},{"start":{"line":517,"column":17},"end":{"line":532,"column":11}}],"line":517},"53":{"loc":{"start":{"line":517,"column":21},"end":{"line":517,"column":75}},"type":"binary-expr","locations":[{"start":{"line":517,"column":21},"end":{"line":517,"column":43}},{"start":{"line":517,"column":47},"end":{"line":517,"column":75}}],"line":517},"54":{"loc":{"start":{"line":523,"column":12},"end":{"line":527,"column":13}},"type":"if","locations":[{"start":{"line":523,"column":12},"end":{"line":527,"column":13}},{"start":{"line":523,"column":12},"end":{"line":527,"column":13}}],"line":523},"55":{"loc":{"start":{"line":523,"column":16},"end":{"line":523,"column":48}},"type":"binary-expr","locations":[{"start":{"line":523,"column":16},"end":{"line":523,"column":23}},{"start":{"line":523,"column":27},"end":{"line":523,"column":48}}],"line":523},"56":{"loc":{"start":{"line":540,"column":8},"end":{"line":564,"column":9}},"type":"if","locations":[{"start":{"line":540,"column":8},"end":{"line":564,"column":9}},{"start":{"line":540,"column":8},"end":{"line":564,"column":9}}],"line":540},"57":{"loc":{"start":{"line":584,"column":8},"end":{"line":586,"column":69}},"type":"binary-expr","locations":[{"start":{"line":584,"column":8},"end":{"line":584,"column":79}},{"start":{"line":585,"column":9},"end":{"line":585,"column":70}},{"start":{"line":586,"column":10},"end":{"line":586,"column":68}}],"line":584},"58":{"loc":{"start":{"line":595,"column":6},"end":{"line":599,"column":7}},"type":"if","locations":[{"start":{"line":595,"column":6},"end":{"line":599,"column":7}},{"start":{"line":595,"column":6},"end":{"line":599,"column":7}}],"line":595}},"s":{"0":1,"1":1,"2":0,"3":0,"4":0,"5":0,"6":0,"7":0,"8":0,"9":0,"10":0,"11":0,"12":0,"13":0,"14":0,"15":0,"16":0,"17":0,"18":0,"19":0,"20":0,"21":0,"22":0,"23":0,"24":0,"25":0,"26":0,"27":0,"28":0,"29":0,"30":0,"31":0,"32":0,"33":0,"34":0,"35":0,"36":0,"37":0,"38":0,"39":0,"40":0,"41":0,"42":1,"43":3,"44":0,"45":0,"46":0,"47":0,"48":0,"49":0,"50":0,"51":0,"52":0,"53":0,"54":0,"55":0,"56":0,"57":0,"58":0,"59":0,"60":0,"61":0,"62":0,"63":0,"64":0,"65":0,"66":0,"67":3,"68":3,"69":0,"70":0,"71":0,"72":0,"73":0,"74":0,"75":0,"76":0,"77":0,"78":0,"79":0,"80":0,"81":0,"82":0,"83":0,"84":0,"85":0,"86":0,"87":0,"88":0,"89":0,"90":3,"91":3,"92":0,"93":0,"94":0,"95":0,"96":0,"97":0,"98":0,"99":3,"100":3,"101":0,"102":0,"103":0,"104":0,"105":0,"106":0,"107":0,"108":0,"109":0,"110":3,"111":3,"112":0,"113":0,"114":0,"115":0,"116":0,"117":0,"118":0,"119":0,"120":0,"121":0,"122":0,"123":0,"124":0,"125":0,"126":0,"127":0,"128":0,"129":0,"130":3,"131":0,"132":0,"133":0,"134":0,"135":0,"136":0,"137":0,"138":0,"139":0,"140":0,"141":0,"142":0,"143":0,"144":0,"145":0,"146":0,"147":0,"148":0,"149":0,"150":0,"151":0,"152":0,"153":0,"154":0,"155":0,"156":3,"157":0,"158":0,"159":0,"160":0,"161":0,"162":0,"163":0,"164":0,"165":0,"166":0,"167":0,"168":0,"169":0,"170":0,"171":0,"172":0,"173":0,"174":0,"175":0,"176":0,"177":0,"178":0,"179":0,"180":0,"181":0,"182":0,"183":0,"184":0,"185":0,"186":0,"187":0,"188":0,"189":0,"190":0,"191":0,"192":0,"193":0,"194":0,"195":0,"196":0,"197":0,"198":0,"199":0,"200":0,"201":3,"202":3,"203":0,"204":0,"205":0,"206":0,"207":0,"208":0},"f":{"0":0,"1":0,"2":0,"3":0,"4":0,"5":0,"6":0},"b":{"0":[0,0],"1":[0,0],"2":[0,0],"3":[0,0],"4":[0,0],"5":[0,0],"6":[0,0],"7":[3,2,2],"8":[0,0],"9":[0,0],"10":[0,0],"11":[0,0],"12":[0,0],"13":[0,0],"14":[0,0],"15":[3,2,0,0,0],"16":[0,0],"17":[0,0],"18":[0,0],"19":[0,0,0],"20":[0,0],"21":[3,2,2,0,0],"22":[0,0],"23":[3,2,0,0],"24":[0,0],"25":[3,2,0,0,0],"26":[0,0],"27":[0,0],"28":[0,0],"29":[0,0],"30":[0,0],"31":[3,2],"32":[0,0],"33":[0,0],"34":[0,0],"35":[0,0],"36":[0,0],"37":[0,0],"38":[0,0],"39":[0,0],"40":[0,0],"41":[3,2],"42":[0,0],"43":[0,0],"44":[0,0],"45":[0,0,0,0,0,0],"46":[0,0],"47":[0,0],"48":[0,0],"49":[0,0],"50":[0,0],"51":[0,0],"52":[0,0],"53":[0,0],"54":[0,0],"55":[0,0],"56":[0,0],"57":[3,0,0],"58":[0,0]},"_coverageSchema":"332fd63041d2c1bcb487cc26dd0d5f7d97098a6c","hash":"aedf149274125b65eb8a0818ad822a7aacb2249a"}
}
