TN:
SF:C:\Users\jpk\alexa\alexa-sample-college-finder-nodejs\lambda\custom\basicSearchHandlers.js
FN:28,searchQueryExit
FN:223,(anonymous_1)
FN:224,(anonymous_2)
FN:345,(anonymous_3)
FN:346,(anonymous_4)
FN:476,(anonymous_5)
FN:477,(anonymous_6)
FNF:7
FNH:0
FNDA:0,searchQueryExit
FNDA:0,(anonymous_1)
FNDA:0,(anonymous_2)
FNDA:0,(anonymous_3)
FNDA:0,(anonymous_4)
FNDA:0,(anonymous_5)
FNDA:0,(anonymous_6)
DA:24,1
DA:25,1
DA:26,1
DA:29,0
DA:31,0
DA:32,0
DA:34,0
DA:37,1
DA:45,3
DA:46,3
DA:47,2
DA:49,3
DA:57,0
DA:58,0
DA:59,0
DA:62,0
DA:67,0
DA:68,0
DA:69,0
DA:71,0
DA:75,0
DA:76,0
DA:80,0
DA:82,0
DA:87,0
DA:89,0
DA:102,0
DA:120,3
DA:121,3
DA:131,0
DA:132,0
DA:136,0
DA:138,0
DA:139,0
DA:141,0
DA:142,0
DA:144,0
DA:145,0
DA:148,0
DA:164,3
DA:165,3
DA:172,0
DA:173,0
DA:175,0
DA:178,0
DA:184,0
DA:186,0
DA:191,0
DA:194,0
DA:195,0
DA:197,0
DA:200,0
DA:203,0
DA:206,0
DA:207,0
DA:209,0
DA:212,0
DA:216,0
DA:223,0
DA:224,0
DA:225,0
DA:227,0
DA:235,0
DA:243,0
DA:244,0
DA:245,0
DA:254,0
DA:255,0
DA:256,0
DA:257,0
DA:258,0
DA:260,0
DA:276,3
DA:277,3
DA:284,0
DA:285,0
DA:287,0
DA:290,0
DA:298,0
DA:300,0
DA:309,0
DA:310,0
DA:313,0
DA:314,0
DA:315,0
DA:316,0
DA:317,0
DA:320,0
DA:321,0
DA:322,0
DA:326,0
DA:329,0
DA:332,0
DA:338,0
DA:345,0
DA:346,0
DA:347,0
DA:349,0
DA:357,0
DA:364,0
DA:365,0
DA:366,0
DA:374,0
DA:376,0
DA:377,0
DA:380,0
DA:381,0
DA:382,0
DA:386,0
DA:387,0
DA:390,0
DA:391,0
DA:392,0
DA:393,0
DA:398,0
DA:399,0
DA:402,0
DA:407,0
DA:428,3
DA:429,3
DA:436,0
DA:437,0
DA:439,0
DA:442,0
DA:450,0
DA:451,0
DA:457,0
DA:458,0
DA:459,0
DA:460,0
DA:462,0
DA:465,0
DA:468,0
DA:472,0
DA:476,0
DA:477,0
DA:478,0
DA:479,0
DA:481,0
DA:489,0
DA:496,0
DA:497,0
DA:498,0
DA:506,0
DA:508,0
DA:509,0
DA:512,0
DA:513,0
DA:514,0
DA:518,0
DA:519,0
DA:522,0
DA:523,0
DA:524,0
DA:525,0
DA:530,0
DA:531,0
DA:534,0
DA:539,0
LF:159
LH:16
BRDA:46,0,0,2
BRDA:46,0,1,1
BRDA:50,1,0,3
BRDA:50,1,1,0
BRDA:50,1,2,0
BRDA:50,1,3,0
BRDA:62,2,0,0
BRDA:62,2,1,0
BRDA:63,3,0,0
BRDA:63,3,1,0
BRDA:63,3,2,0
BRDA:68,4,0,0
BRDA:68,4,1,0
BRDA:71,5,0,0
BRDA:71,5,1,0
BRDA:72,6,0,0
BRDA:72,6,1,0
BRDA:76,7,0,0
BRDA:76,7,1,0
BRDA:77,8,0,0
BRDA:77,8,1,0
BRDA:82,9,0,0
BRDA:82,9,1,0
BRDA:83,10,0,0
BRDA:83,10,1,0
BRDA:83,10,2,0
BRDA:122,11,0,3
BRDA:122,11,1,2
BRDA:122,11,2,2
BRDA:122,11,3,0
BRDA:122,11,4,0
BRDA:122,11,5,0
BRDA:136,12,0,0
BRDA:136,12,1,0
BRDA:136,12,2,0
BRDA:166,13,0,3
BRDA:166,13,1,2
BRDA:166,13,2,0
BRDA:178,14,0,0
BRDA:178,14,1,0
BRDA:179,15,0,0
BRDA:179,15,1,0
BRDA:179,15,2,0
BRDA:179,15,3,0
BRDA:179,15,4,0
BRDA:179,15,5,0
BRDA:191,16,0,0
BRDA:191,16,1,0
BRDA:194,17,0,0
BRDA:194,17,1,0
BRDA:203,18,0,0
BRDA:203,18,1,0
BRDA:206,19,0,0
BRDA:206,19,1,0
BRDA:206,20,0,0
BRDA:206,20,1,0
BRDA:206,20,2,0
BRDA:225,21,0,0
BRDA:225,21,1,0
BRDA:243,22,0,0
BRDA:243,22,1,0
BRDA:243,23,0,0
BRDA:243,23,1,0
BRDA:278,24,0,3
BRDA:278,24,1,2
BRDA:278,24,2,0
BRDA:290,25,0,0
BRDA:290,25,1,0
BRDA:291,26,0,0
BRDA:291,26,1,0
BRDA:291,26,2,0
BRDA:291,26,3,0
BRDA:291,26,4,0
BRDA:291,26,5,0
BRDA:313,27,0,0
BRDA:313,27,1,0
BRDA:347,28,0,0
BRDA:347,28,1,0
BRDA:364,29,0,0
BRDA:364,29,1,0
BRDA:364,30,0,0
BRDA:364,30,1,0
BRDA:364,30,2,0
BRDA:381,31,0,0
BRDA:381,31,1,0
BRDA:398,32,0,0
BRDA:398,32,1,0
BRDA:430,33,0,3
BRDA:430,33,1,2
BRDA:430,33,2,0
BRDA:442,34,0,0
BRDA:442,34,1,0
BRDA:443,35,0,0
BRDA:443,35,1,0
BRDA:443,35,2,0
BRDA:443,35,3,0
BRDA:443,35,4,0
BRDA:443,35,5,0
BRDA:479,36,0,0
BRDA:479,36,1,0
BRDA:496,37,0,0
BRDA:496,37,1,0
BRDA:496,38,0,0
BRDA:496,38,1,0
BRDA:496,38,2,0
BRDA:513,39,0,0
BRDA:513,39,1,0
BRDA:530,40,0,0
BRDA:530,40,1,0
BRF:109
BRH:12
end_of_record
TN:
SF:C:\Users\jpk\alexa\alexa-sample-college-finder-nodejs\lambda\custom\commonHandlers.js
FNF:0
FNH:0
DA:20,1
DA:21,1
DA:23,1
DA:30,1
DA:37,1
DA:38,1
DA:41,1
DA:48,1
DA:49,0
DA:50,0
DA:51,0
DA:59,0
DA:60,0
DA:61,0
DA:63,0
DA:64,0
DA:69,0
DA:71,0
DA:75,0
DA:76,1
DA:85,0
DA:92,0
DA:93,1
DA:94,0
DA:98,0
DA:100,1
DA:101,1
DA:103,1
DA:106,1
DA:108,1
DA:118,1
DA:124,0
DA:125,0
DA:129,0
DA:130,0
DA:131,0
DA:132,0
DA:133,0
DA:136,0
DA:137,0
DA:138,0
DA:139,0
DA:142,0
DA:151,0
DA:158,0
DA:159,0
DA:160,0
DA:162,0
DA:170,3
DA:176,0
DA:177,0
DA:179,0
DA:183,0
DA:184,0
DA:194,3
DA:200,0
DA:201,0
DA:205,0
DA:209,0
DA:211,0
DA:212,0
DA:214,0
DA:216,0
DA:219,0
DA:220,0
DA:223,0
DA:224,0
DA:227,0
DA:228,0
DA:231,0
DA:235,0
DA:238,0
DA:239,0
DA:242,0
DA:243,0
DA:246,0
DA:247,0
DA:250,0
DA:251,0
DA:252,0
DA:257,0
DA:262,0
DA:267,0
DA:271,0
DA:274,0
DA:281,0
DA:282,0
DA:291,3
DA:298,0
DA:300,0
DA:301,0
DA:302,0
DA:304,0
DA:317,0
DA:320,0
DA:321,0
DA:322,0
DA:324,0
DA:326,0
DA:334,0
DA:337,0
DA:338,0
DA:340,0
DA:341,0
DA:343,0
DA:346,0
DA:351,0
DA:359,0
DA:362,0
DA:363,0
DA:365,0
DA:368,0
DA:370,0
DA:372,0
DA:373,0
DA:374,0
DA:376,0
DA:377,0
DA:379,0
DA:386,0
DA:388,0
DA:390,0
DA:393,0
DA:394,0
DA:397,0
DA:398,0
DA:401,0
DA:402,0
DA:405,0
DA:406,0
DA:409,0
DA:410,0
DA:413,0
DA:414,0
DA:417,0
DA:418,0
DA:421,0
DA:422,0
DA:425,0
DA:426,0
DA:427,0
DA:428,0
DA:429,0
DA:432,0
DA:434,0
DA:437,0
DA:441,0
DA:453,0
DA:456,0
DA:458,0
LF:150
LH:19
BRDA:31,0,0,1
BRDA:31,0,1,0
BRDA:31,0,2,0
BRDA:48,1,0,0
BRDA:48,1,1,1
BRDA:49,2,0,0
BRDA:49,2,1,0
BRDA:63,3,0,0
BRDA:63,3,1,0
BRDA:76,4,0,0
BRDA:76,4,1,1
BRDA:77,5,0,1
BRDA:77,5,1,1
BRDA:77,5,2,1
BRDA:77,5,3,1
BRDA:77,5,4,1
BRDA:77,5,5,1
BRDA:77,5,6,1
BRDA:93,6,0,0
BRDA:93,6,1,1
BRDA:93,7,0,1
BRDA:93,7,1,1
BRDA:119,8,0,1
BRDA:119,8,1,0
BRDA:129,9,0,0
BRDA:129,9,1,0
BRDA:132,10,0,0
BRDA:132,10,1,0
BRDA:136,11,0,0
BRDA:136,11,1,0
BRDA:152,12,0,0
BRDA:152,12,1,0
BRDA:152,12,2,0
BRDA:171,13,0,3
BRDA:171,13,1,2
BRDA:195,14,0,3
BRDA:195,14,1,2
BRDA:205,15,0,0
BRDA:205,15,1,0
BRDA:209,16,0,0
BRDA:209,16,1,0
BRDA:209,16,2,0
BRDA:209,16,3,0
BRDA:209,16,4,0
BRDA:209,16,5,0
BRDA:209,16,6,0
BRDA:209,16,7,0
BRDA:209,16,8,0
BRDA:209,16,9,0
BRDA:209,16,10,0
BRDA:211,17,0,0
BRDA:211,17,1,0
BRDA:250,18,0,0
BRDA:250,18,1,0
BRDA:292,19,0,3
BRDA:292,19,1,2
BRDA:292,19,2,2
BRDA:340,20,0,0
BRDA:340,20,1,0
BRDA:368,21,0,0
BRDA:368,21,1,0
BRDA:368,21,2,0
BRDA:368,21,3,0
BRDA:368,21,4,0
BRDA:368,21,5,0
BRDA:368,21,6,0
BRDA:368,21,7,0
BRDA:368,21,8,0
BRDA:368,21,9,0
BRDA:368,21,10,0
BRDA:370,22,0,0
BRDA:370,22,1,0
BRDA:372,23,0,0
BRDA:372,23,1,0
BRDA:425,24,0,0
BRDA:425,24,1,0
BRDA:426,25,0,0
BRDA:426,25,1,0
BRDA:428,26,0,0
BRDA:428,26,1,0
BRF:80
BRH:21
end_of_record
TN:
SF:C:\Users\jpk\alexa\alexa-sample-college-finder-nodejs\lambda\custom\config.js
FNF:0
FNH:0
DA:15,1
LF:1
LH:1
BRF:0
BRH:0
end_of_record
TN:
SF:C:\Users\jpk\alexa\alexa-sample-college-finder-nodejs\lambda\custom\constants.js
FNF:0
FNH:0
DA:15,1
LF:1
LH:1
BRF:0
BRH:0
end_of_record
TN:
SF:C:\Users\jpk\alexa\alexa-sample-college-finder-nodejs\lambda\custom\fullSearchHandlers.js
FN:34,zeroOutLocation
FN:93,confirmSlotManual
FN:116,nextSlotDelegate
FN:133,getSearchData
FN:450,(anonymous_4)
FN:451,(anonymous_5)
FNF:6
FNH:5
FNDA:1,zeroOutLocation
FNDA:0,confirmSlotManual
FNDA:1,nextSlotDelegate
FNDA:1,getSearchData
FNDA:1,(anonymous_4)
FNDA:1,(anonymous_5)
DA:23,1
DA:24,1
DA:25,1
DA:35,1
DA:36,1
DA:38,1
DA:39,1
DA:40,1
DA:41,1
DA:42,1
DA:43,1
DA:44,1
DA:45,1
DA:48,0
DA:49,0
DA:50,0
DA:51,0
DA:52,0
DA:53,0
DA:54,0
DA:55,0
DA:58,0
DA:59,0
DA:60,0
DA:61,0
DA:62,0
DA:63,0
DA:66,0
DA:67,0
DA:68,0
DA:69,0
DA:70,0
DA:71,0
DA:72,0
DA:73,0
DA:74,0
DA:79,1
DA:81,1
DA:94,0
DA:95,0
DA:96,0
DA:98,0
DA:100,0
DA:117,1
DA:118,1
DA:119,1
DA:121,1
DA:123,1
DA:134,1
DA:135,1
DA:138,1
DA:139,0
DA:142,1
DA:143,1
DA:144,0
DA:145,0
DA:151,1
DA:152,0
DA:153,1
DA:154,1
DA:158,1
DA:159,0
DA:160,1
DA:161,0
DA:162,1
DA:163,1
DA:167,1
DA:168,0
DA:169,0
DA:170,0
DA:171,0
DA:173,0
DA:178,1
DA:179,1
DA:181,0
DA:185,1
DA:186,0
DA:189,1
DA:190,0
DA:195,1
DA:199,0
DA:205,1
DA:207,1
DA:209,1
DA:212,1
DA:220,3
DA:227,1
DA:228,1
DA:230,1
DA:235,1
DA:236,0
DA:238,0
DA:239,0
DA:242,0
DA:243,0
DA:244,0
DA:246,0
DA:247,0
DA:251,0
DA:253,1
DA:256,1
DA:258,1
DA:263,0
DA:265,1
DA:266,1
DA:269,1
DA:270,0
DA:272,1
DA:275,1
DA:277,1
DA:278,0
DA:281,1
DA:282,0
DA:283,1
DA:284,0
DA:286,1
DA:287,1
DA:291,1
DA:295,0
DA:298,0
DA:302,0
DA:303,0
DA:304,0
DA:306,0
DA:307,0
DA:308,0
DA:309,0
DA:310,0
DA:312,0
DA:315,0
DA:316,0
DA:317,0
DA:321,0
DA:323,0
DA:325,0
DA:327,0
DA:329,0
DA:333,0
DA:334,0
DA:336,0
DA:337,0
DA:339,0
DA:341,0
DA:343,0
DA:346,1
DA:351,1
DA:352,1
DA:353,1
DA:354,1
DA:356,1
DA:357,1
DA:358,1
DA:359,1
DA:361,1
DA:362,1
DA:365,1
DA:369,0
DA:370,0
DA:371,0
DA:373,0
DA:375,1
DA:377,1
DA:380,0
DA:381,0
DA:386,0
DA:388,0
DA:391,0
DA:394,0
DA:395,0
DA:396,0
DA:399,0
DA:402,0
DA:403,0
DA:404,0
DA:409,1
DA:422,2
DA:423,2
DA:431,1
DA:432,1
DA:434,1
DA:435,1
DA:437,1
DA:438,11
DA:439,11
DA:440,2
DA:445,1
DA:447,1
DA:448,1
DA:450,1
DA:451,1
DA:452,1
DA:454,1
DA:455,0
DA:459,0
DA:467,1
DA:468,0
DA:476,1
DA:477,1
DA:478,1
DA:480,1
DA:483,1
DA:484,9
DA:487,1
DA:488,1
DA:491,1
DA:498,1
DA:500,1
DA:501,1
DA:502,1
DA:504,1
LF:210
LH:108
BRDA:36,0,0,1
BRDA:36,0,1,0
BRDA:36,0,2,0
BRDA:36,0,3,0
BRDA:57,1,0,0
BRDA:57,1,1,0
BRDA:138,2,0,0
BRDA:138,2,1,1
BRDA:142,3,0,1
BRDA:142,3,1,0
BRDA:144,4,0,0
BRDA:144,4,1,0
BRDA:151,5,0,0
BRDA:151,5,1,1
BRDA:153,6,0,1
BRDA:153,6,1,0
BRDA:158,7,0,0
BRDA:158,7,1,1
BRDA:160,8,0,0
BRDA:160,8,1,1
BRDA:162,9,0,1
BRDA:162,9,1,0
BRDA:167,10,0,0
BRDA:167,10,1,1
BRDA:168,11,0,0
BRDA:168,11,1,0
BRDA:170,12,0,0
BRDA:170,12,1,0
BRDA:178,13,0,1
BRDA:178,13,1,0
BRDA:185,14,0,0
BRDA:185,14,1,1
BRDA:189,15,0,0
BRDA:189,15,1,1
BRDA:195,16,0,0
BRDA:195,16,1,1
BRDA:196,17,0,1
BRDA:196,17,1,1
BRDA:221,18,0,3
BRDA:221,18,1,2
BRDA:221,18,2,2
BRDA:235,19,0,0
BRDA:235,19,1,1
BRDA:238,20,0,0
BRDA:238,20,1,0
BRDA:242,21,0,0
BRDA:242,21,1,0
BRDA:258,22,0,0
BRDA:258,22,1,1
BRDA:259,23,0,1
BRDA:259,23,1,0
BRDA:259,23,2,0
BRDA:269,24,0,0
BRDA:269,24,1,1
BRDA:277,25,0,0
BRDA:277,25,1,1
BRDA:281,26,0,0
BRDA:281,26,1,1
BRDA:283,27,0,0
BRDA:283,27,1,1
BRDA:291,28,0,0
BRDA:291,28,1,1
BRDA:292,29,0,1
BRDA:292,29,1,0
BRDA:298,30,0,0
BRDA:298,30,1,0
BRDA:299,31,0,0
BRDA:299,31,1,0
BRDA:299,31,2,0
BRDA:302,32,0,0
BRDA:302,32,1,0
BRDA:307,33,0,0
BRDA:307,33,1,0
BRDA:315,34,0,0
BRDA:315,34,1,0
BRDA:329,35,0,0
BRDA:329,35,1,0
BRDA:330,36,0,0
BRDA:330,36,1,0
BRDA:352,37,0,1
BRDA:352,37,1,0
BRDA:356,38,0,1
BRDA:356,38,1,0
BRDA:357,39,0,1
BRDA:357,39,1,0
BRDA:359,40,0,1
BRDA:359,40,1,0
BRDA:359,40,2,0
BRDA:359,40,3,0
BRDA:365,41,0,0
BRDA:365,41,1,1
BRDA:366,42,0,1
BRDA:366,42,1,0
BRDA:380,43,0,0
BRDA:380,43,1,0
BRDA:424,44,0,2
BRDA:424,44,1,1
BRDA:424,44,2,0
BRDA:424,44,3,1
BRDA:438,45,0,11
BRDA:438,45,1,0
BRDA:439,46,0,2
BRDA:439,46,1,9
BRDA:454,47,0,0
BRDA:454,47,1,1
BRDA:467,48,0,0
BRDA:467,48,1,1
BRDA:467,49,0,1
BRDA:467,49,1,1
BRDA:467,49,2,1
BRDA:480,50,0,1
BRDA:480,50,1,0
BRDA:491,51,0,1
BRDA:491,51,1,0
BRF:114
BRH:46
end_of_record
TN:
SF:C:\Users\jpk\alexa\alexa-sample-college-finder-nodejs\lambda\custom\helpers.js
FN:115,(anonymous_0)
FN:317,(anonymous_1)
FN:339,(anonymous_2)
FN:356,(anonymous_3)
FN:395,(anonymous_4)
FN:440,(anonymous_5)
FN:518,(anonymous_6)
FN:644,(anonymous_7)
FN:648,(anonymous_8)
FN:652,(anonymous_9)
FN:662,(anonymous_10)
FNF:11
FNH:6
FNDA:0,(anonymous_0)
FNDA:1,(anonymous_1)
FNDA:1,(anonymous_2)
FNDA:1,(anonymous_3)
FNDA:0,(anonymous_4)
FNDA:0,(anonymous_5)
FNDA:0,(anonymous_6)
FNDA:1,(anonymous_7)
FNDA:1,(anonymous_8)
FNDA:1,(anonymous_9)
FNDA:0,(anonymous_10)
DA:15,1
DA:16,1
DA:17,1
DA:18,1
DA:20,1
DA:75,1
DA:82,0
DA:92,1
DA:93,1
DA:100,1
DA:102,0
DA:113,0
DA:115,0
DA:116,0
DA:118,0
DA:125,0
DA:127,0
DA:130,0
DA:132,0
DA:135,0
DA:137,0
DA:140,0
DA:146,0
DA:157,0
DA:158,0
DA:165,0
DA:167,0
DA:180,0
DA:181,0
DA:183,0
DA:196,5
DA:199,5
DA:201,5
DA:212,3
DA:213,3
DA:214,0
DA:215,0
DA:217,0
DA:218,0
DA:221,0
DA:222,0
DA:223,0
DA:234,0
DA:236,0
DA:237,0
DA:238,0
DA:239,0
DA:240,0
DA:241,0
DA:242,0
DA:243,0
DA:244,0
DA:245,0
DA:247,0
DA:258,1
DA:259,1
DA:260,0
DA:261,0
DA:262,0
DA:264,1
DA:265,0
DA:267,1
DA:279,0
DA:282,0
DA:283,0
DA:284,0
DA:286,0
DA:287,0
DA:290,0
DA:291,0
DA:294,0
DA:295,0
DA:296,0
DA:297,0
DA:298,0
DA:300,0
DA:314,1
DA:315,1
DA:317,1
DA:319,1
DA:320,22
DA:321,1
DA:324,0
DA:325,0
DA:326,0
DA:327,0
DA:328,0
DA:340,1
DA:357,1
DA:375,1
DA:376,1
DA:378,1
DA:379,1
DA:380,1
DA:381,1
DA:384,1
DA:396,0
DA:398,0
DA:399,0
DA:402,0
DA:403,0
DA:404,0
DA:406,0
DA:414,0
DA:419,0
DA:420,0
DA:422,0
DA:423,0
DA:431,0
DA:441,0
DA:442,0
DA:443,0
DA:445,0
DA:449,0
DA:453,0
DA:457,0
DA:461,0
DA:465,0
DA:467,0
DA:470,0
DA:479,0
DA:502,0
DA:514,0
DA:515,0
DA:516,0
DA:518,0
DA:519,0
DA:520,0
DA:521,0
DA:523,0
DA:527,0
DA:528,0
DA:529,0
DA:531,0
DA:548,0
DA:549,0
DA:552,0
DA:566,0
DA:577,0
DA:579,0
DA:580,0
DA:583,0
DA:584,0
DA:588,0
DA:590,0
DA:593,0
DA:596,0
DA:599,0
DA:603,0
DA:605,0
DA:624,0
DA:625,0
DA:627,0
DA:628,0
DA:633,0
DA:643,1
DA:645,1
DA:646,1
DA:648,1
DA:649,1
DA:652,1
DA:653,1
DA:654,1
DA:655,1
DA:657,0
DA:658,0
DA:663,0
DA:664,0
DA:667,1
LF:169
LH:43
BRDA:82,0,0,0
BRDA:82,0,1,0
BRDA:82,0,2,0
BRDA:93,1,0,1
BRDA:93,1,1,0
BRDA:94,2,0,1
BRDA:94,2,1,1
BRDA:94,2,2,1
BRDA:94,2,3,1
BRDA:94,2,4,1
BRDA:118,3,0,0
BRDA:118,3,1,0
BRDA:119,4,0,0
BRDA:119,4,1,0
BRDA:119,4,2,0
BRDA:119,4,3,0
BRDA:119,4,4,0
BRDA:125,5,0,0
BRDA:125,5,1,0
BRDA:125,5,2,0
BRDA:158,6,0,0
BRDA:158,6,1,0
BRDA:159,7,0,0
BRDA:159,7,1,0
BRDA:159,7,2,0
BRDA:159,7,3,0
BRDA:159,7,4,0
BRDA:180,8,0,0
BRDA:180,8,1,0
BRDA:180,9,0,0
BRDA:180,9,1,0
BRDA:199,10,0,5
BRDA:199,10,1,0
BRDA:212,11,0,3
BRDA:212,11,1,0
BRDA:214,12,0,0
BRDA:214,12,1,0
BRDA:217,13,0,0
BRDA:217,13,1,0
BRDA:259,14,0,0
BRDA:259,14,1,1
BRDA:264,15,0,0
BRDA:264,15,1,1
BRDA:279,16,0,0
BRDA:279,16,1,0
BRDA:282,17,0,0
BRDA:282,17,1,0
BRDA:290,18,0,0
BRDA:290,18,1,0
BRDA:290,19,0,0
BRDA:290,19,1,0
BRDA:295,20,0,0
BRDA:295,20,1,0
BRDA:314,21,0,1
BRDA:314,21,1,0
BRDA:314,22,0,1
BRDA:314,22,1,1
BRDA:320,23,0,1
BRDA:320,23,1,21
BRDA:324,24,0,0
BRDA:324,24,1,0
BRDA:327,25,0,0
BRDA:327,25,1,0
BRDA:341,26,0,1
BRDA:341,26,1,1
BRDA:341,26,2,1
BRDA:341,26,3,1
BRDA:341,26,4,1
BRDA:378,27,0,1
BRDA:378,27,1,0
BRDA:398,28,0,0
BRDA:398,28,1,0
BRDA:422,29,0,0
BRDA:422,29,1,0
BRDA:445,30,0,0
BRDA:445,30,1,0
BRDA:449,31,0,0
BRDA:449,31,1,0
BRDA:453,32,0,0
BRDA:453,32,1,0
BRDA:457,33,0,0
BRDA:457,33,1,0
BRDA:461,34,0,0
BRDA:461,34,1,0
BRDA:523,35,0,0
BRDA:523,35,1,0
BRDA:523,36,0,0
BRDA:523,36,1,0
BRDA:579,37,0,0
BRDA:579,37,1,0
BRDA:580,38,0,0
BRDA:580,38,1,0
BRDA:583,39,0,0
BRDA:583,39,1,0
BRDA:584,40,0,0
BRDA:584,40,1,0
BRDA:590,41,0,0
BRDA:590,41,1,0
BRDA:593,42,0,0
BRDA:593,42,1,0
BRDA:596,43,0,0
BRDA:596,43,1,0
BRDA:599,44,0,0
BRDA:599,44,1,0
BRDA:627,45,0,0
BRDA:627,45,1,0
BRF:106
BRH:21
end_of_record
TN:
SF:C:\Users\jpk\alexa\alexa-sample-college-finder-nodejs\lambda\custom\index.js
FN:50,(anonymous_0)
FN:53,(anonymous_1)
FN:61,(anonymous_2)
FNF:3
FNH:2
FNDA:1,(anonymous_0)
FNDA:1,(anonymous_1)
FNDA:0,(anonymous_2)
DA:27,1
DA:28,1
DA:29,1
DA:32,1
DA:33,1
DA:34,1
DA:35,1
DA:36,1
DA:42,1
DA:44,3
DA:45,3
DA:46,3
DA:50,1
DA:51,1
DA:54,1
DA:55,1
DA:57,1
DA:58,1
DA:59,1
DA:62,0
DA:86,1
LF:21
LH:20
BRDA:46,0,0,1
BRDA:46,0,1,2
BRDA:47,1,0,3
BRDA:47,1,1,2
BRDA:54,2,0,1
BRDA:54,2,1,0
BRF:6
BRH:5
end_of_record
TN:
SF:C:\Users\jpk\alexa\alexa-sample-college-finder-nodejs\lambda\custom\language.js
FNF:0
FNH:0
DA:16,1
DA:18,1
LF:2
LH:2
BRF:0
BRH:0
end_of_record
TN:
SF:C:\Users\jpk\alexa\alexa-sample-college-finder-nodejs\lambda\custom\profileHandlers.js
FN:34,numberError
FN:72,moveOn
FN:134,allNull
FNF:3
FNH:0
FNDA:0,numberError
FNDA:0,moveOn
FNDA:0,allNull
DA:24,1
DA:25,1
DA:35,0
DA:37,0
DA:38,0
DA:39,0
DA:41,0
DA:42,0
DA:44,0
DA:49,0
DA:50,0
DA:54,0
DA:59,0
DA:74,0
DA:77,0
DA:81,0
DA:82,0
DA:86,0
DA:87,0
DA:88,0
DA:92,0
DA:93,0
DA:94,0
DA:98,0
DA:102,0
DA:103,0
DA:107,0
DA:108,0
DA:109,0
DA:114,0
DA:115,0
DA:116,0
DA:125,0
DA:126,0
DA:128,0
DA:135,0
DA:146,1
DA:153,3
DA:154,3
DA:161,0
DA:162,0
DA:164,0
DA:166,0
DA:175,3
DA:176,3
DA:184,0
DA:185,0
DA:187,0
DA:188,0
DA:189,0
DA:190,0
DA:193,0
DA:205,3
DA:211,0
DA:212,0
DA:214,0
DA:217,0
DA:218,0
DA:225,0
DA:226,0
DA:232,0
DA:233,0
DA:240,0
DA:243,0
DA:248,0
DA:253,0
DA:258,0
DA:264,0
DA:271,0
DA:276,0
DA:288,3
DA:294,0
DA:295,0
DA:297,0
DA:299,0
DA:307,0
DA:308,0
DA:310,0
DA:315,0
DA:318,0
DA:320,0
DA:321,0
DA:328,0
DA:329,0
DA:337,0
DA:340,0
DA:341,0
DA:342,0
DA:345,0
DA:349,0
DA:353,0
DA:356,0
DA:357,0
DA:358,0
DA:361,0
DA:362,0
DA:369,0
DA:372,0
DA:373,0
DA:374,0
DA:377,0
DA:378,0
DA:385,0
DA:388,0
DA:389,0
DA:390,0
DA:393,0
DA:394,0
DA:401,0
DA:404,0
DA:405,0
DA:406,0
DA:409,0
DA:413,0
DA:417,0
DA:419,0
DA:433,3
DA:434,3
DA:441,0
DA:442,0
DA:446,0
DA:447,0
DA:448,0
DA:449,0
DA:452,0
DA:454,0
DA:456,0
DA:457,0
DA:458,0
DA:461,0
DA:462,0
DA:463,0
DA:466,0
DA:467,0
DA:468,0
DA:471,0
DA:475,0
DA:477,0
DA:489,3
DA:495,0
DA:496,0
DA:498,0
DA:500,0
DA:502,0
DA:503,0
DA:506,0
DA:507,0
DA:510,0
DA:517,0
DA:519,0
DA:523,0
DA:532,3
DA:534,3
DA:541,0
DA:542,0
DA:544,0
DA:546,0
DA:552,0
DA:554,0
DA:560,0
DA:563,0
DA:564,0
DA:569,0
DA:574,0
DA:586,3
DA:587,3
DA:599,0
DA:600,0
DA:602,0
DA:604,0
DA:605,0
DA:606,0
DA:607,0
DA:609,0
DA:613,0
DA:614,0
DA:618,0
DA:619,0
DA:624,0
DA:627,0
DA:628,0
DA:631,0
DA:632,0
DA:636,0
DA:639,0
DA:640,0
DA:644,0
DA:647,0
DA:648,0
DA:649,0
DA:652,0
DA:653,0
DA:654,0
DA:658,0
DA:667,3
DA:668,3
DA:677,0
DA:678,0
DA:680,0
DA:681,0
DA:683,0
DA:686,0
DA:687,0
DA:689,0
DA:690,0
DA:693,0
DA:694,0
DA:695,0
DA:697,0
DA:698,0
DA:701,0
DA:703,0
DA:705,0
DA:706,0
DA:709,0
DA:710,0
DA:712,0
DA:718,0
DA:722,0
DA:723,0
DA:724,0
DA:726,0
DA:727,0
DA:730,0
DA:731,0
DA:734,0
DA:735,0
DA:736,0
DA:737,0
DA:740,0
DA:743,0
DA:744,0
DA:747,0
LF:233
LH:18
BRDA:35,0,0,0
BRDA:35,0,1,0
BRDA:37,1,0,0
BRDA:37,1,1,0
BRDA:49,2,0,0
BRDA:49,2,1,0
BRDA:77,3,0,0
BRDA:77,3,1,0
BRDA:78,4,0,0
BRDA:78,4,1,0
BRDA:78,4,2,0
BRDA:78,4,3,0
BRDA:86,5,0,0
BRDA:86,5,1,0
BRDA:86,6,0,0
BRDA:86,6,1,0
BRDA:92,7,0,0
BRDA:92,7,1,0
BRDA:92,8,0,0
BRDA:92,8,1,0
BRDA:98,9,0,0
BRDA:98,9,1,0
BRDA:99,10,0,0
BRDA:99,10,1,0
BRDA:107,11,0,0
BRDA:107,11,1,0
BRDA:107,12,0,0
BRDA:107,12,1,0
BRDA:136,13,0,0
BRDA:136,13,1,0
BRDA:136,13,2,0
BRDA:136,13,3,0
BRDA:136,13,4,0
BRDA:136,13,5,0
BRDA:136,13,6,0
BRDA:136,13,7,0
BRDA:136,13,8,0
BRDA:136,13,9,0
BRDA:136,13,10,0
BRDA:136,13,11,0
BRDA:155,14,0,3
BRDA:155,14,1,1
BRDA:155,14,2,1
BRDA:177,15,0,3
BRDA:177,15,1,3
BRDA:177,15,2,0
BRDA:177,15,3,0
BRDA:187,16,0,0
BRDA:187,16,1,0
BRDA:189,17,0,0
BRDA:189,17,1,0
BRDA:206,18,0,3
BRDA:206,18,1,2
BRDA:217,19,0,0
BRDA:217,19,1,0
BRDA:225,20,0,0
BRDA:225,20,1,0
BRDA:226,21,0,0
BRDA:226,21,1,0
BRDA:232,22,0,0
BRDA:232,22,1,0
BRDA:233,23,0,0
BRDA:233,23,1,0
BRDA:243,24,0,0
BRDA:243,24,1,0
BRDA:248,25,0,0
BRDA:248,25,1,0
BRDA:253,26,0,0
BRDA:253,26,1,0
BRDA:258,27,0,0
BRDA:258,27,1,0
BRDA:289,28,0,3
BRDA:289,28,1,2
BRDA:299,29,0,0
BRDA:299,29,1,0
BRDA:300,30,0,0
BRDA:300,30,1,0
BRDA:300,30,2,0
BRDA:300,30,3,0
BRDA:300,30,4,0
BRDA:318,31,0,0
BRDA:318,31,1,0
BRDA:318,31,2,0
BRDA:318,31,3,0
BRDA:318,31,4,0
BRDA:318,31,5,0
BRDA:320,32,0,0
BRDA:320,32,1,0
BRDA:328,33,0,0
BRDA:328,33,1,0
BRDA:345,34,0,0
BRDA:345,34,1,0
BRDA:346,35,0,0
BRDA:346,35,1,0
BRDA:361,36,0,0
BRDA:361,36,1,0
BRDA:377,37,0,0
BRDA:377,37,1,0
BRDA:393,38,0,0
BRDA:393,38,1,0
BRDA:435,39,0,3
BRDA:435,39,1,2
BRDA:435,39,2,0
BRDA:446,40,0,0
BRDA:446,40,1,0
BRDA:448,41,0,0
BRDA:448,41,1,0
BRDA:454,42,0,0
BRDA:454,42,1,0
BRDA:454,42,2,0
BRDA:454,42,3,0
BRDA:490,43,0,3
BRDA:490,43,1,2
BRDA:500,44,0,0
BRDA:500,44,1,0
BRDA:500,44,2,0
BRDA:535,45,0,3
BRDA:535,45,1,2
BRDA:535,45,2,0
BRDA:546,46,0,0
BRDA:546,46,1,0
BRDA:547,47,0,0
BRDA:547,47,1,0
BRDA:547,47,2,0
BRDA:547,47,3,0
BRDA:588,48,0,3
BRDA:588,48,1,3
BRDA:588,48,2,3
BRDA:588,48,3,3
BRDA:588,48,4,3
BRDA:588,48,5,0
BRDA:588,48,6,0
BRDA:588,48,7,0
BRDA:602,49,0,0
BRDA:602,49,1,0
BRDA:602,49,2,0
BRDA:602,49,3,0
BRDA:602,49,4,0
BRDA:604,50,0,0
BRDA:604,50,1,0
BRDA:605,51,0,0
BRDA:605,51,1,0
BRDA:613,52,0,0
BRDA:613,52,1,0
BRDA:618,53,0,0
BRDA:618,53,1,0
BRDA:669,54,0,3
BRDA:669,54,1,2
BRDA:669,54,2,0
BRDA:669,54,3,0
BRDA:669,54,4,0
BRDA:669,54,5,0
BRDA:683,55,0,0
BRDA:683,55,1,0
BRDA:686,56,0,0
BRDA:686,56,1,0
BRDA:687,57,0,0
BRDA:687,57,1,0
BRDA:687,57,2,0
BRDA:689,58,0,0
BRDA:689,58,1,0
BRDA:694,59,0,0
BRDA:694,59,1,0
BRDA:695,60,0,0
BRDA:695,60,1,0
BRDA:695,60,2,0
BRDA:697,61,0,0
BRDA:697,61,1,0
BRDA:703,62,0,0
BRDA:703,62,1,0
BRDA:703,62,2,0
BRDA:705,63,0,0
BRDA:705,63,1,0
BRDA:723,64,0,0
BRDA:723,64,1,0
BRDA:724,65,0,0
BRDA:724,65,1,0
BRDA:726,66,0,0
BRDA:726,66,1,0
BRDA:734,67,0,0
BRDA:734,67,1,0
BRDA:735,68,0,0
BRDA:735,68,1,0
BRDA:736,69,0,0
BRDA:736,69,1,0
BRF:185
BRH:22
end_of_record
TN:
SF:C:\Users\jpk\alexa\alexa-sample-college-finder-nodejs\lambda\custom\resultsHandlers.js
FN:31,notFound
FN:47,pageResults
FN:122,removeSchool
FN:125,(anonymous_3)
FN:409,(anonymous_4)
FN:431,(anonymous_5)
FN:518,(anonymous_6)
FNF:7
FNH:0
FNDA:0,notFound
FNDA:0,pageResults
FNDA:0,removeSchool
FNDA:0,(anonymous_3)
FNDA:0,(anonymous_4)
FNDA:0,(anonymous_5)
FNDA:0,(anonymous_6)
DA:22,1
DA:23,1
DA:32,0
DA:34,0
DA:48,0
DA:56,0
DA:57,0
DA:58,0
DA:59,0
DA:60,0
DA:61,0
DA:63,0
DA:64,0
DA:65,0
DA:66,0
DA:67,0
DA:71,0
DA:72,0
DA:74,0
DA:81,0
DA:86,0
DA:88,0
DA:89,0
DA:91,0
DA:92,0
DA:93,0
DA:94,0
DA:98,0
DA:99,0
DA:101,0
DA:104,0
DA:105,0
DA:107,0
DA:108,0
DA:113,0
DA:123,0
DA:125,0
DA:126,0
DA:127,0
DA:130,0
DA:131,0
DA:134,0
DA:137,1
DA:145,3
DA:152,0
DA:153,0
DA:155,0
DA:161,0
DA:162,0
DA:163,0
DA:164,0
DA:165,0
DA:166,0
DA:168,0
DA:172,0
DA:173,0
DA:174,0
DA:175,0
DA:179,0
DA:180,0
DA:182,0
DA:187,0
DA:189,0
DA:191,0
DA:192,0
DA:196,0
DA:199,0
DA:211,3
DA:212,3
DA:221,0
DA:222,0
DA:225,0
DA:227,0
DA:228,0
DA:229,0
DA:230,0
DA:231,0
DA:233,0
DA:234,0
DA:235,0
DA:239,0
DA:244,0
DA:245,0
DA:247,0
DA:249,0
DA:253,0
DA:254,0
DA:256,0
DA:262,0
DA:264,0
DA:274,3
DA:275,3
DA:284,0
DA:285,0
DA:287,0
DA:288,0
DA:290,0
DA:293,0
DA:295,0
DA:304,3
DA:305,3
DA:313,0
DA:314,0
DA:316,0
DA:317,0
DA:319,0
DA:322,0
DA:323,0
DA:324,0
DA:326,0
DA:336,3
DA:337,3
DA:346,0
DA:347,0
DA:349,0
DA:350,0
DA:353,0
DA:354,0
DA:355,0
DA:357,0
DA:358,0
DA:359,0
DA:362,0
DA:363,0
DA:365,0
DA:371,0
DA:372,0
DA:377,0
DA:378,0
DA:381,0
DA:390,3
DA:396,0
DA:397,0
DA:399,0
DA:402,0
DA:405,0
DA:409,0
DA:410,0
DA:413,0
DA:414,0
DA:428,0
DA:429,0
DA:431,0
DA:432,0
DA:435,0
DA:436,0
DA:440,0
DA:441,0
DA:442,0
DA:445,0
DA:447,0
DA:450,0
DA:452,0
DA:453,0
DA:455,0
DA:460,0
DA:470,3
DA:476,0
DA:477,0
DA:479,0
DA:481,0
DA:482,0
DA:486,0
DA:487,0
DA:492,0
DA:498,0
DA:499,0
DA:500,0
DA:501,0
DA:503,0
DA:505,0
DA:508,0
DA:509,0
DA:510,0
DA:512,0
DA:513,0
DA:515,0
DA:516,0
DA:517,0
DA:518,0
DA:519,0
DA:520,0
DA:523,0
DA:524,0
DA:526,0
DA:529,0
DA:531,0
DA:535,0
DA:538,0
DA:540,0
DA:541,0
DA:547,0
DA:548,0
DA:549,0
DA:550,0
DA:552,0
DA:553,0
DA:556,0
DA:566,0
DA:567,0
DA:569,0
DA:582,3
DA:583,3
DA:590,0
DA:591,0
DA:595,0
DA:596,0
DA:598,0
DA:601,0
LF:209
LH:16
BRDA:56,0,0,0
BRDA:56,0,1,0
BRDA:71,1,0,0
BRDA:71,1,1,0
BRDA:81,2,0,0
BRDA:81,2,1,0
BRDA:98,3,0,0
BRDA:98,3,1,0
BRDA:107,4,0,0
BRDA:107,4,1,0
BRDA:130,5,0,0
BRDA:130,5,1,0
BRDA:130,6,0,0
BRDA:130,6,1,0
BRDA:146,7,0,3
BRDA:146,7,1,2
BRDA:146,7,2,2
BRDA:161,8,0,0
BRDA:161,8,1,0
BRDA:162,9,0,0
BRDA:162,9,1,0
BRDA:169,10,0,0
BRDA:169,10,1,0
BRDA:179,11,0,0
BRDA:179,11,1,0
BRDA:179,12,0,0
BRDA:179,12,1,0
BRDA:187,13,0,0
BRDA:187,13,1,0
BRDA:191,14,0,0
BRDA:191,14,1,0
BRDA:213,15,0,3
BRDA:213,15,1,2
BRDA:213,15,2,0
BRDA:213,15,3,0
BRDA:213,15,4,0
BRDA:227,16,0,0
BRDA:227,16,1,0
BRDA:230,17,0,0
BRDA:230,17,1,0
BRDA:239,18,0,0
BRDA:239,18,1,0
BRDA:240,19,0,0
BRDA:240,19,1,0
BRDA:240,19,2,0
BRDA:253,20,0,0
BRDA:253,20,1,0
BRDA:276,21,0,3
BRDA:276,21,1,2
BRDA:276,21,2,2
BRDA:276,21,3,0
BRDA:276,21,4,0
BRDA:287,22,0,0
BRDA:287,22,1,0
BRDA:306,23,0,3
BRDA:306,23,1,2
BRDA:306,23,2,0
BRDA:306,23,3,0
BRDA:316,24,0,0
BRDA:316,24,1,0
BRDA:338,25,0,3
BRDA:338,25,1,2
BRDA:338,25,2,0
BRDA:338,25,3,0
BRDA:338,25,4,0
BRDA:353,26,0,0
BRDA:353,26,1,0
BRDA:362,27,0,0
BRDA:362,27,1,0
BRDA:362,28,0,0
BRDA:362,28,1,0
BRDA:371,29,0,0
BRDA:371,29,1,0
BRDA:371,30,0,0
BRDA:371,30,1,0
BRDA:391,31,0,3
BRDA:391,31,1,2
BRDA:402,32,0,0
BRDA:402,32,1,0
BRDA:402,33,0,0
BRDA:402,33,1,0
BRDA:413,34,0,0
BRDA:413,34,1,0
BRDA:413,35,0,0
BRDA:413,35,1,0
BRDA:428,36,0,0
BRDA:428,36,1,0
BRDA:435,37,0,0
BRDA:435,37,1,0
BRDA:435,38,0,0
BRDA:435,38,1,0
BRDA:440,39,0,0
BRDA:440,39,1,0
BRDA:441,40,0,0
BRDA:441,40,1,0
BRDA:471,41,0,3
BRDA:471,41,1,2
BRDA:486,42,0,0
BRDA:486,42,1,0
BRDA:486,43,0,0
BRDA:486,43,1,0
BRDA:492,44,0,0
BRDA:492,44,1,0
BRDA:493,45,0,0
BRDA:493,45,1,0
BRDA:493,45,2,0
BRDA:493,45,3,0
BRDA:493,45,4,0
BRDA:493,45,5,0
BRDA:498,46,0,0
BRDA:498,46,1,0
BRDA:500,47,0,0
BRDA:500,47,1,0
BRDA:508,48,0,0
BRDA:508,48,1,0
BRDA:508,49,0,0
BRDA:508,49,1,0
BRDA:512,50,0,0
BRDA:512,50,1,0
BRDA:512,51,0,0
BRDA:512,51,1,0
BRDA:517,52,0,0
BRDA:517,52,1,0
BRDA:517,53,0,0
BRDA:517,53,1,0
BRDA:523,54,0,0
BRDA:523,54,1,0
BRDA:523,55,0,0
BRDA:523,55,1,0
BRDA:540,56,0,0
BRDA:540,56,1,0
BRDA:584,57,0,3
BRDA:584,57,1,0
BRDA:584,57,2,0
BRDA:595,58,0,0
BRDA:595,58,1,0
BRF:136
BRH:17
end_of_record
